A51 MACRO ASSEMBLER  NEWPASS                                                              12/26/2015 18:29:15 PAGE     1


MACRO ASSEMBLER A51 V8.02c
OBJECT MODULE PLACED IN .\Objects\newpass.obj
ASSEMBLER INVOKED BY: C:\Keil_v5\C51\BIN\A51.EXE newpass.a51 SET(SMALL) DEBUG PRINT(.\Listings\newpass.lst) OBJECT(.\Obj
                      ects\newpass.obj) EP

LOC  OBJ            LINE     SOURCE

                       1             NAME NEWPASS
                       2             PUBLIC INICIOPASS1
                       3             NEWPASS SEGMENT CODE 
----                   4             RSEG NEWPASS
0000 8000              5             JMP INICIOPASS1
                       6                     
                       7             EXTRN CODE (INICIOREAD)
                       8                     
                       9     
                      10     
0002                  11     INICIOPASS1:
0002 7840             12             MOV R0,#40H
0004 7A04             13             MOV R2,#4
0006 E8               14             MOV A,R0
0007 F9               15             MOV R1,A
0008                  16     INICIO:
                      17             USING 0
0008 C001             18             PUSH AR1
                      19             USING 0
000A C002             20             PUSH AR2
000C 120000   F       21             LCALL INICIOREAD
000F D002             22             POP AR2
0011 D001             23             POP AR1
0013 E8               24             MOV A,R0
0014 F7               25             MOV @R1,A
0015 09               26             INC R1
0016 DAF0             27             DJNZ R2,INICIO
0018                  28     FIM:
0018 22               29             RET
                      30             END
A51 MACRO ASSEMBLER  NEWPASS                                                              12/26/2015 18:29:15 PAGE     2

SYMBOL TABLE LISTING
------ ----- -------


N A M E             T Y P E  V A L U E   ATTRIBUTES

AR1. . . . . . . .  D ADDR   0001H   A   
AR2. . . . . . . .  D ADDR   0002H   A   
FIM. . . . . . . .  C ADDR   0018H   R   SEG=NEWPASS
INICIO . . . . . .  C ADDR   0008H   R   SEG=NEWPASS
INICIOPASS1. . . .  C ADDR   0002H   R   SEG=NEWPASS
INICIOREAD . . . .  C ADDR   -----       EXT
NEWPASS. . . . . .  C SEG    0019H       REL=UNIT


REGISTER BANK(S) USED: 0 


ASSEMBLY COMPLETE.  0 WARNING(S), 0 ERROR(S)
