A51 MACRO ASSEMBLER  MAIN                                                                 01/14/2016 13:36:25 PAGE     1


MACRO ASSEMBLER A51 V8.02c
OBJECT MODULE PLACED IN .\Objects\main.obj
ASSEMBLER INVOKED BY: C:\Keil_v5\C51\BIN\A51.EXE main.a51 SET(SMALL) DEBUG PRINT(.\Listings\main.lst) OBJECT(.\Objects\m
                      ain.obj) EP

LOC  OBJ            LINE     SOURCE

                       1     $nomod51 
                       2     ;#include <89c51ic2.inc>
                +1     3  +1 $save     
                +1   204  +1 $restore 
                     205     
                     206     
                     207     EXTRN CODE (INICIOWAIT)
                     208     EXTRN CODE (INICIODISPLAY)
                     209     EXTRN CODE (INICIOCHECK)
                     210     EXTRN CODE (INICIOREAD)
                     211     EXTRN CODE (INICIOPASS1)
                     212     EXTRN CODE (INICIOPASS)         
                     213              
                     214             
                     215             VARS SEGMENT DATA
----                 216             RSEG VARS
0000                 217             LER: DS 4
0004                 218             COD3: DS 4
0008                 219             STACK:  DS      10H
                     220                     
                     221             COD1 SEGMENT CODE
----                 222             RSEG COD1       
0000 01020304        223             COD: DB 1,2,3,4
                     224             
                     225     
----                 226             CSEG AT 0H
0000 8000            227             JMP STARTUP
0002                 228     STARTUP:
0002 758100   F      229             MOV SP,#STACK-1
0005                 230     COPY:
0005 7B04            231             MOV R3,#4
0007 7800     F      232             MOV R0,#COD3
0009 900000   F      233             MOV DPTR,#COD
000C                 234     CPY:
000C E4              235             CLR A
000D 93              236             MOVC A,@A+DPTR
000E F6              237             MOV @R0,A
000F A3              238             INC DPTR
0010 08              239             INC R0
0011 DBF9            240             DJNZ R3,CPY
0013 7B03            241             MOV R3,#3
                     242             
                     243             
0015                 244     INICIO:
0015 7800     F      245             MOV R0,#LER
0017                 246     MAIN:
0017 120000   F      247             LCALL INICIOPASS
001A B80002          248             CJNE R0,#0,TESTE1
001D 802E            249             JMP FIM2
                     250             
                     251     
001F                 252     TESTE1:
001F 7800     F      253             MOV R0,#LER
0021 7900     F      254             MOV R1,#COD3
0023 120000   F      255             LCALL INICIOCHECK
0026 E8              256             MOV A,R0
0027 7014            257             JNZ TRUE
A51 MACRO ASSEMBLER  MAIN                                                                 01/14/2016 13:36:25 PAGE     2

0029                 258     FALSE:
0029 780B            259             MOV R0,#11
002B DB14            260             DJNZ R3,FIM
002D 120000   F      261             LCALL INICIODISPLAY
0030 7B03            262             MOV R3,#3
                     263             USING 0
0032 C000            264             PUSH AR0
0034 780F            265             MOV R0,#15
0036 120000   F      266             LCALL INICIOWAIT
0039 D000            267             POP AR0
003B 8010            268             JMP FIM2        
                     269             
003D                 270     TRUE:
003D 780C            271             MOV R0,#12  
003F 7B03            272             MOV R3,#3       
                     273     
0041                 274     FIM:    
0041 120000   F      275             LCALL INICIODISPLAY
                     276             USING 0
0044 C000            277             PUSH AR0
0046 7803            278             MOV R0,#3
0048 120000   F      279             LCALL INICIOWAIT
004B D000            280             POP AR0
                     281             
004D                 282     FIM2:
004D 780A            283             MOV R0,#10
004F 120000   F      284             LCALL INICIODISPLAY
0052 80C1            285             JMP INICIO
                     286     
                     287     END
                                     
A51 MACRO ASSEMBLER  MAIN                                                                 01/14/2016 13:36:25 PAGE     3

SYMBOL TABLE LISTING
------ ----- -------


N A M E             T Y P E  V A L U E   ATTRIBUTES

AC . . . . . . . .  B ADDR   00D0H.6 A   
ACC. . . . . . . .  D ADDR   00E0H   A   
AR0. . . . . . . .  D ADDR   0000H   A   
AUXR . . . . . . .  D ADDR   008EH   A   
AUXR1. . . . . . .  D ADDR   00A2H   A   
B. . . . . . . . .  D ADDR   00F0H   A   
BDRCON . . . . . .  D ADDR   009BH   A   
BRL. . . . . . . .  D ADDR   009AH   A   
CCAP0H . . . . . .  D ADDR   00FAH   A   
CCAP0L . . . . . .  D ADDR   00EAH   A   
CCAP1H . . . . . .  D ADDR   00FBH   A   
CCAP1L . . . . . .  D ADDR   00EBH   A   
CCAP2H . . . . . .  D ADDR   00FCH   A   
CCAP2L . . . . . .  D ADDR   00ECH   A   
CCAP3H . . . . . .  D ADDR   00FDH   A   
CCAP3L . . . . . .  D ADDR   00EDH   A   
CCAP4H . . . . . .  D ADDR   00FEH   A   
CCAP4L . . . . . .  D ADDR   00EEH   A   
CCAPM0 . . . . . .  D ADDR   00DAH   A   
CCAPM1 . . . . . .  D ADDR   00DBH   A   
CCAPM2 . . . . . .  D ADDR   00DCH   A   
CCAPM3 . . . . . .  D ADDR   00DDH   A   
CCAPM4 . . . . . .  D ADDR   00DEH   A   
CCF0 . . . . . . .  D ADDR   00D8H   A   
CCF1 . . . . . . .  D ADDR   00D9H   A   
CCF2 . . . . . . .  D ADDR   00DAH   A   
CCF3 . . . . . . .  D ADDR   00DBH   A   
CCF4 . . . . . . .  D ADDR   00DCH   A   
CCON . . . . . . .  D ADDR   00D8H   A   
CF . . . . . . . .  D ADDR   00DFH   A   
CH . . . . . . . .  D ADDR   00F9H   A   
CKCON0 . . . . . .  D ADDR   008FH   A   
CKCON1 . . . . . .  D ADDR   00AFH   A   
CKRL . . . . . . .  D ADDR   0096H   A   
CKSEL. . . . . . .  D ADDR   0085H   A   
CL . . . . . . . .  D ADDR   00E9H   A   
CMOD . . . . . . .  D ADDR   00D9H   A   
COD. . . . . . . .  C ADDR   0000H   R   SEG=COD1
COD1 . . . . . . .  C SEG    0004H       REL=UNIT
COD3 . . . . . . .  D ADDR   0004H   R   SEG=VARS
COPY . . . . . . .  C ADDR   0005H   A   
CPY. . . . . . . .  C ADDR   000CH   A   
CP_RL2 . . . . . .  B ADDR   00C8H.0 A   
CR . . . . . . . .  D ADDR   00DEH   A   
CY . . . . . . . .  B ADDR   00D0H.7 A   
C_T2 . . . . . . .  B ADDR   00C8H.1 A   
DPH. . . . . . . .  D ADDR   0083H   A   
DPL. . . . . . . .  D ADDR   0082H   A   
EA . . . . . . . .  B ADDR   00A8H.7 A   
EC . . . . . . . .  B ADDR   00A8H.6 A   
ES . . . . . . . .  B ADDR   00A8H.4 A   
ET0. . . . . . . .  B ADDR   00A8H.1 A   
ET1. . . . . . . .  B ADDR   00A8H.3 A   
ET2. . . . . . . .  B ADDR   00A8H.5 A   
EX0. . . . . . . .  B ADDR   00A8H.0 A   
EX1. . . . . . . .  B ADDR   00A8H.2 A   
EXEN2. . . . . . .  B ADDR   00C8H.3 A   
EXF2 . . . . . . .  B ADDR   00C8H.6 A   
F0 . . . . . . . .  B ADDR   00D0H.5 A   
FALSE. . . . . . .  C ADDR   0029H   A   
A51 MACRO ASSEMBLER  MAIN                                                                 01/14/2016 13:36:25 PAGE     4

FCON . . . . . . .  D ADDR   00D1H   A   
FIM. . . . . . . .  C ADDR   0041H   A   
FIM2 . . . . . . .  C ADDR   004DH   A   
IE0. . . . . . . .  B ADDR   0088H.1 A   
IE1. . . . . . . .  B ADDR   0088H.3 A   
IEN0 . . . . . . .  D ADDR   00A8H   A   
IEN1 . . . . . . .  D ADDR   00B1H   A   
INICIO . . . . . .  C ADDR   0015H   A   
INICIOCHECK. . . .  C ADDR   -----       EXT
INICIODISPLAY. . .  C ADDR   -----       EXT
INICIOPASS . . . .  C ADDR   -----       EXT
INICIOPASS1. . . .  C ADDR   -----       EXT
INICIOREAD . . . .  C ADDR   -----       EXT
INICIOWAIT . . . .  C ADDR   -----       EXT
INT0 . . . . . . .  B ADDR   00B0H.2 A   
INT1 . . . . . . .  B ADDR   00B0H.3 A   
IPH0 . . . . . . .  D ADDR   00B7H   A   
IPH1 . . . . . . .  D ADDR   00B3H   A   
IPL0 . . . . . . .  D ADDR   00B8H   A   
IPL1 . . . . . . .  D ADDR   00B2H   A   
IT0. . . . . . . .  B ADDR   0088H.0 A   
IT1. . . . . . . .  B ADDR   0088H.2 A   
KBE. . . . . . . .  D ADDR   009DH   A   
KBF. . . . . . . .  D ADDR   009EH   A   
KBLS . . . . . . .  D ADDR   009CH   A   
LER. . . . . . . .  D ADDR   0000H   R   SEG=VARS
MAIN . . . . . . .  C ADDR   0017H   A   
OSCCON . . . . . .  D ADDR   0086H   A   
OV . . . . . . . .  B ADDR   00D0H.2 A   
P. . . . . . . . .  B ADDR   00D0H.0 A   
P0 . . . . . . . .  D ADDR   0080H   A   
P1 . . . . . . . .  D ADDR   0090H   A   
P2 . . . . . . . .  D ADDR   00A0H   A   
P3 . . . . . . . .  D ADDR   00B0H   A   
PCON . . . . . . .  D ADDR   0087H   A   
PI2. . . . . . . .  D ADDR   00C0H   A   
PI2_1. . . . . . .  B ADDR   00C0H.1 A   
PI2_O. . . . . . .  B ADDR   00C0H.0 A   
PPCL . . . . . . .  B ADDR   00B8H.6 A   
PSL. . . . . . . .  B ADDR   00B8H.4 A   
PSW. . . . . . . .  D ADDR   00D0H   A   
PT0L . . . . . . .  B ADDR   00B8H.1 A   
PT1L . . . . . . .  B ADDR   00B8H.3 A   
PT2L . . . . . . .  B ADDR   00B8H.5 A   
PX0L . . . . . . .  B ADDR   00B8H.0 A   
PX1L . . . . . . .  B ADDR   00B8H.2 A   
RB8. . . . . . . .  B ADDR   0098H.2 A   
RCAP2H . . . . . .  D ADDR   00CBH   A   
RCAP2L . . . . . .  D ADDR   00CAH   A   
RCLK . . . . . . .  B ADDR   00C8H.5 A   
RD . . . . . . . .  B ADDR   00B0H.7 A   
REN. . . . . . . .  B ADDR   0098H.4 A   
RI . . . . . . . .  B ADDR   0098H.0 A   
RS0. . . . . . . .  B ADDR   00D0H.3 A   
RS1. . . . . . . .  B ADDR   00D0H.4 A   
RXD. . . . . . . .  B ADDR   00B0H.0 A   
SADDR. . . . . . .  D ADDR   00A9H   A   
SADEN. . . . . . .  D ADDR   00B9H   A   
SBUF . . . . . . .  D ADDR   0099H   A   
SCON . . . . . . .  D ADDR   0098H   A   
SM0. . . . . . . .  B ADDR   0098H.7 A   
SM1. . . . . . . .  B ADDR   0098H.6 A   
SM2. . . . . . . .  B ADDR   0098H.5 A   
SP . . . . . . . .  D ADDR   0081H   A   
SPCON. . . . . . .  D ADDR   00C3H   A   
SPDAT. . . . . . .  D ADDR   00C5H   A   
A51 MACRO ASSEMBLER  MAIN                                                                 01/14/2016 13:36:25 PAGE     5

SPSTA. . . . . . .  D ADDR   00C4H   A   
SSADR. . . . . . .  D ADDR   0096H   A   
SSCON. . . . . . .  D ADDR   0093H   A   
SSCS . . . . . . .  D ADDR   0094H   A   
SSDAT. . . . . . .  D ADDR   0095H   A   
STACK. . . . . . .  D ADDR   0008H   R   SEG=VARS
STARTUP. . . . . .  C ADDR   0002H   A   
T0 . . . . . . . .  B ADDR   00B0H.4 A   
T1 . . . . . . . .  B ADDR   00B0H.5 A   
T2CON. . . . . . .  D ADDR   00C8H   A   
T2MOD. . . . . . .  D ADDR   00C9H   A   
TB8. . . . . . . .  B ADDR   0098H.3 A   
TCLK . . . . . . .  B ADDR   00C8H.4 A   
TCON . . . . . . .  D ADDR   0088H   A   
TESTE1 . . . . . .  C ADDR   001FH   A   
TF0. . . . . . . .  B ADDR   0088H.5 A   
TF1. . . . . . . .  B ADDR   0088H.7 A   
TF2. . . . . . . .  B ADDR   00C8H.7 A   
TH0. . . . . . . .  D ADDR   008CH   A   
TH1. . . . . . . .  D ADDR   008DH   A   
TH2. . . . . . . .  D ADDR   00CDH   A   
TI . . . . . . . .  B ADDR   0098H.1 A   
TL0. . . . . . . .  D ADDR   008AH   A   
TL1. . . . . . . .  D ADDR   008BH   A   
TL2. . . . . . . .  D ADDR   00CCH   A   
TMOD . . . . . . .  D ADDR   0089H   A   
TR0. . . . . . . .  B ADDR   0088H.4 A   
TR1. . . . . . . .  B ADDR   0088H.6 A   
TR2. . . . . . . .  B ADDR   00C8H.2 A   
TRUE . . . . . . .  C ADDR   003DH   A   
TXD. . . . . . . .  B ADDR   00B0H.1 A   
VARS . . . . . . .  D SEG    0018H       REL=UNIT
WDTPRG . . . . . .  D ADDR   00A7H   A   
WDTRST . . . . . .  D ADDR   00A6H   A   
WR . . . . . . . .  B ADDR   00B0H.6 A   


REGISTER BANK(S) USED: 0 


ASSEMBLY COMPLETE.  0 WARNING(S), 0 ERROR(S)
