A51 MACRO ASSEMBLER  GUIA6EX2                                                             01/10/2017 16:25:16 PAGE     1


MACRO ASSEMBLER A51 V8.2.5.0
OBJECT MODULE PLACED IN .\Objects\guia6ex2.obj
ASSEMBLER INVOKED BY: C:\Keil_v5\C51\BIN\A51.EXE guia6ex2.a51 NOMOD51 SET(SMALL) DEBUG PRINT(.\Listings\guia6ex2.lst) OB
                      JECT(.\Objects\guia6ex2.obj) EP

LOC  OBJ            LINE     SOURCE

                       1     ;#include <89c51ic2.inc>

                +1     2  +1 $save     

                +1   203  +1 $restore 

                     204     

  001E               205     PERIODO EQU 30

----                 206     CSEG AT 0H

0000 802C            207     JMP MAIN

----                 208     CSEG AT 002BH

002B B2A0            209     CPL P2.0

002D 32              210     RETI

002E                 211     MAIN:

002E 7D1E            212             MOV R5,#PERIODO

0030 74FF            213             MOV A,#255

0032 9D              214             SUBB A,R5

0033 FD              215             MOV R5,A

                     216     

0034                 217     CONFIG_TMR:

0034 758901          218                             MOV TMOD,#1H

0037 8D8C            219                             MOV TH0,R5

0039 8D8A            220                             MOV TL0,R5

003B 85CDCB          221                             MOV RCAP2H,TH2

003E 85CCCA          222                             MOV RCAP2L,TL2

0041 D2CA            223                             SETB TR2

0043 D2AF            224                             SETB EA

0045 D2CE            225                             SETB EXF2

0047 80FE            226                             JMP $

                     227                             END

                                     

A51 MACRO ASSEMBLER  GUIA6EX2                                                             01/10/2017 16:25:16 PAGE     2

SYMBOL TABLE LISTING
------ ----- -------


N A M E             T Y P E  V A L U E   ATTRIBUTES

AC . . . . . . . .  B ADDR   00D0H.6 A   
ACC. . . . . . . .  D ADDR   00E0H   A   
AUXR . . . . . . .  D ADDR   008EH   A   
AUXR1. . . . . . .  D ADDR   00A2H   A   
B. . . . . . . . .  D ADDR   00F0H   A   
BDRCON . . . . . .  D ADDR   009BH   A   
BRL. . . . . . . .  D ADDR   009AH   A   
CCAP0H . . . . . .  D ADDR   00FAH   A   
CCAP0L . . . . . .  D ADDR   00EAH   A   
CCAP1H . . . . . .  D ADDR   00FBH   A   
CCAP1L . . . . . .  D ADDR   00EBH   A   
CCAP2H . . . . . .  D ADDR   00FCH   A   
CCAP2L . . . . . .  D ADDR   00ECH   A   
CCAP3H . . . . . .  D ADDR   00FDH   A   
CCAP3L . . . . . .  D ADDR   00EDH   A   
CCAP4H . . . . . .  D ADDR   00FEH   A   
CCAP4L . . . . . .  D ADDR   00EEH   A   
CCAPM0 . . . . . .  D ADDR   00DAH   A   
CCAPM1 . . . . . .  D ADDR   00DBH   A   
CCAPM2 . . . . . .  D ADDR   00DCH   A   
CCAPM3 . . . . . .  D ADDR   00DDH   A   
CCAPM4 . . . . . .  D ADDR   00DEH   A   
CCF0 . . . . . . .  D ADDR   00D8H   A   
CCF1 . . . . . . .  D ADDR   00D9H   A   
CCF2 . . . . . . .  D ADDR   00DAH   A   
CCF3 . . . . . . .  D ADDR   00DBH   A   
CCF4 . . . . . . .  D ADDR   00DCH   A   
CCON . . . . . . .  D ADDR   00D8H   A   
CF . . . . . . . .  D ADDR   00DFH   A   
CH . . . . . . . .  D ADDR   00F9H   A   
CKCON0 . . . . . .  D ADDR   008FH   A   
CKCON1 . . . . . .  D ADDR   00AFH   A   
CKRL . . . . . . .  D ADDR   0096H   A   
CKSEL. . . . . . .  D ADDR   0085H   A   
CL . . . . . . . .  D ADDR   00E9H   A   
CMOD . . . . . . .  D ADDR   00D9H   A   
CONFIG_TMR . . . .  C ADDR   0034H   A   
CP_RL2 . . . . . .  B ADDR   00C8H.0 A   
CR . . . . . . . .  D ADDR   00DEH   A   
CY . . . . . . . .  B ADDR   00D0H.7 A   
C_T2 . . . . . . .  B ADDR   00C8H.1 A   
DPH. . . . . . . .  D ADDR   0083H   A   
DPL. . . . . . . .  D ADDR   0082H   A   
EA . . . . . . . .  B ADDR   00A8H.7 A   
EC . . . . . . . .  B ADDR   00A8H.6 A   
ES . . . . . . . .  B ADDR   00A8H.4 A   
ET0. . . . . . . .  B ADDR   00A8H.1 A   
ET1. . . . . . . .  B ADDR   00A8H.3 A   
ET2. . . . . . . .  B ADDR   00A8H.5 A   
EX0. . . . . . . .  B ADDR   00A8H.0 A   
EX1. . . . . . . .  B ADDR   00A8H.2 A   
EXEN2. . . . . . .  B ADDR   00C8H.3 A   
EXF2 . . . . . . .  B ADDR   00C8H.6 A   
F0 . . . . . . . .  B ADDR   00D0H.5 A   
FCON . . . . . . .  D ADDR   00D1H   A   
IE0. . . . . . . .  B ADDR   0088H.1 A   
IE1. . . . . . . .  B ADDR   0088H.3 A   
IEN0 . . . . . . .  D ADDR   00A8H   A   
IEN1 . . . . . . .  D ADDR   00B1H   A   
INT0 . . . . . . .  B ADDR   00B0H.2 A   
A51 MACRO ASSEMBLER  GUIA6EX2                                                             01/10/2017 16:25:16 PAGE     3

INT1 . . . . . . .  B ADDR   00B0H.3 A   
IPH0 . . . . . . .  D ADDR   00B7H   A   
IPH1 . . . . . . .  D ADDR   00B3H   A   
IPL0 . . . . . . .  D ADDR   00B8H   A   
IPL1 . . . . . . .  D ADDR   00B2H   A   
IT0. . . . . . . .  B ADDR   0088H.0 A   
IT1. . . . . . . .  B ADDR   0088H.2 A   
KBE. . . . . . . .  D ADDR   009DH   A   
KBF. . . . . . . .  D ADDR   009EH   A   
KBLS . . . . . . .  D ADDR   009CH   A   
MAIN . . . . . . .  C ADDR   002EH   A   
OSCCON . . . . . .  D ADDR   0086H   A   
OV . . . . . . . .  B ADDR   00D0H.2 A   
P. . . . . . . . .  B ADDR   00D0H.0 A   
P0 . . . . . . . .  D ADDR   0080H   A   
P1 . . . . . . . .  D ADDR   0090H   A   
P2 . . . . . . . .  D ADDR   00A0H   A   
P3 . . . . . . . .  D ADDR   00B0H   A   
PCON . . . . . . .  D ADDR   0087H   A   
PERIODO. . . . . .  N NUMB   001EH   A   
PI2. . . . . . . .  D ADDR   00C0H   A   
PI2_1. . . . . . .  B ADDR   00C0H.1 A   
PI2_O. . . . . . .  B ADDR   00C0H.0 A   
PPCL . . . . . . .  B ADDR   00B8H.6 A   
PSL. . . . . . . .  B ADDR   00B8H.4 A   
PSW. . . . . . . .  D ADDR   00D0H   A   
PT0L . . . . . . .  B ADDR   00B8H.1 A   
PT1L . . . . . . .  B ADDR   00B8H.3 A   
PT2L . . . . . . .  B ADDR   00B8H.5 A   
PX0L . . . . . . .  B ADDR   00B8H.0 A   
PX1L . . . . . . .  B ADDR   00B8H.2 A   
RB8. . . . . . . .  B ADDR   0098H.2 A   
RCAP2H . . . . . .  D ADDR   00CBH   A   
RCAP2L . . . . . .  D ADDR   00CAH   A   
RCLK . . . . . . .  B ADDR   00C8H.5 A   
RD . . . . . . . .  B ADDR   00B0H.7 A   
REN. . . . . . . .  B ADDR   0098H.4 A   
RI . . . . . . . .  B ADDR   0098H.0 A   
RS0. . . . . . . .  B ADDR   00D0H.3 A   
RS1. . . . . . . .  B ADDR   00D0H.4 A   
RXD. . . . . . . .  B ADDR   00B0H.0 A   
SADDR. . . . . . .  D ADDR   00A9H   A   
SADEN. . . . . . .  D ADDR   00B9H   A   
SBUF . . . . . . .  D ADDR   0099H   A   
SCON . . . . . . .  D ADDR   0098H   A   
SM0. . . . . . . .  B ADDR   0098H.7 A   
SM1. . . . . . . .  B ADDR   0098H.6 A   
SM2. . . . . . . .  B ADDR   0098H.5 A   
SP . . . . . . . .  D ADDR   0081H   A   
SPCON. . . . . . .  D ADDR   00C3H   A   
SPDAT. . . . . . .  D ADDR   00C5H   A   
SPSTA. . . . . . .  D ADDR   00C4H   A   
SSADR. . . . . . .  D ADDR   0096H   A   
SSCON. . . . . . .  D ADDR   0093H   A   
SSCS . . . . . . .  D ADDR   0094H   A   
SSDAT. . . . . . .  D ADDR   0095H   A   
T0 . . . . . . . .  B ADDR   00B0H.4 A   
T1 . . . . . . . .  B ADDR   00B0H.5 A   
T2CON. . . . . . .  D ADDR   00C8H   A   
T2MOD. . . . . . .  D ADDR   00C9H   A   
TB8. . . . . . . .  B ADDR   0098H.3 A   
TCLK . . . . . . .  B ADDR   00C8H.4 A   
TCON . . . . . . .  D ADDR   0088H   A   
TF0. . . . . . . .  B ADDR   0088H.5 A   
TF1. . . . . . . .  B ADDR   0088H.7 A   
TF2. . . . . . . .  B ADDR   00C8H.7 A   
A51 MACRO ASSEMBLER  GUIA6EX2                                                             01/10/2017 16:25:16 PAGE     4

TH0. . . . . . . .  D ADDR   008CH   A   
TH1. . . . . . . .  D ADDR   008DH   A   
TH2. . . . . . . .  D ADDR   00CDH   A   
TI . . . . . . . .  B ADDR   0098H.1 A   
TL0. . . . . . . .  D ADDR   008AH   A   
TL1. . . . . . . .  D ADDR   008BH   A   
TL2. . . . . . . .  D ADDR   00CCH   A   
TMOD . . . . . . .  D ADDR   0089H   A   
TR0. . . . . . . .  B ADDR   0088H.4 A   
TR1. . . . . . . .  B ADDR   0088H.6 A   
TR2. . . . . . . .  B ADDR   00C8H.2 A   
TXD. . . . . . . .  B ADDR   00B0H.1 A   
WDTPRG . . . . . .  D ADDR   00A7H   A   
WDTRST . . . . . .  D ADDR   00A6H   A   
WR . . . . . . . .  B ADDR   00B0H.6 A   


REGISTER BANK(S) USED: 0 


ASSEMBLY COMPLETE.  0 WARNING(S), 0 ERROR(S)
