A51 MACRO ASSEMBLER  DISPLAY                                                              01/25/2016 15:10:51 PAGE     1


MACRO ASSEMBLER A51 V8.02c
OBJECT MODULE PLACED IN .\Objects\Display.obj
ASSEMBLER INVOKED BY: C:\Keil_v5\C51\BIN\A51.EXE Display.a51 SET(SMALL) DEBUG PRINT(.\Listings\Display.lst) OBJECT(.\Obj
                      ects\Display.obj) EP

LOC  OBJ            LINE     SOURCE

                       1             NAME DISPLAY
                       2             PUBLIC INICIODISPLAY
                       3             DISPLAYCODE SEGMENT CODE 
----                   4             RSEG DISPLAYCODE
0000 020000   F        5             JMP INICIODISPLAY
                       6             
                       7             EXTRN DATA (TRINCO)
                       8             
                       9             TABLECODE SEGMENT CODE
----                  10             RSEG TABLECODE
0000 0CCF5446         11             TABLE: DB 0CH,0CFH,54H,46H,87H,26H,24H,4FH,4H,6H,0FFH,0DH,86H,15H,34H,35H
0004 8726244F                
0008 0406FF0D                
000C 86153435                
                      12     
0010                  13     INICIODISPLAY:
0010 900000   F       14             MOV DPTR,#TABLE
0013 E8               15             MOV A,R0
0014 93               16             MOVC A,@A+DPTR
0015 F590             17             MOV P1,A
0017 A800     F       18             MOV R0,TRINCO
0019 B80102           19             CJNE R0,#1,FIM
001C C292             20             CLR P1.2
                      21             
001E 22               22     FIM: RET
                      23     END                                     
A51 MACRO ASSEMBLER  DISPLAY                                                              01/25/2016 15:10:51 PAGE     2

SYMBOL TABLE LISTING
------ ----- -------


N A M E             T Y P E  V A L U E   ATTRIBUTES

DISPLAY. . . . . .  N NUMB   -----       
DISPLAYCODE. . . .  C SEG    0003H       REL=UNIT
FIM. . . . . . . .  C ADDR   001EH   R   SEG=TABLECODE
INICIODISPLAY. . .  C ADDR   0010H   R   SEG=TABLECODE
P1 . . . . . . . .  D ADDR   0090H   A   
TABLE. . . . . . .  C ADDR   0000H   R   SEG=TABLECODE
TABLECODE. . . . .  C SEG    001FH       REL=UNIT
TRINCO . . . . . .  D ADDR   -----       EXT


REGISTER BANK(S) USED: 0 


ASSEMBLY COMPLETE.  0 WARNING(S), 0 ERROR(S)
