A51 MACRO ASSEMBLER  H2A                                                                  10/29/2015 09:52:56 PAGE     1


MACRO ASSEMBLER A51 V8.02c
OBJECT MODULE PLACED IN .\Objects\h2a.obj
ASSEMBLER INVOKED BY: C:\Keil_v5\C51\BIN\A51.EXE h2a.a51 SET(SMALL) DEBUG PRINT(.\Listings\h2a.lst) OBJECT(.\Objects\h2a
                      .obj) EP

LOC  OBJ            LINE     SOURCE

                       1     $nomod51 
                       2             NAME    H2A
                       3             
                       4             PUBLIC  INICIOH2A
                       5                     
                       6             H2ACODE SEGMENT CODE
----                   7             RSEG H2ACODE
                       8             ;rotina que converte digito hexadecimal armazenado
                       9             ;no endereço de memória apontado por R0 para ASCII
                      10     
0000                  11     INICIOH2A:
                      12     ;BA1:BLOCO DE ATRIBUIÇÃO 1
0000 E6               13             MOV     A,@R0
0001 C3               14             CLR C
0002 940A             15             SUBB A,#10
                      16             
                      17             ;BD1:BLOCO DE DECISÃO 1
0004 4006             18             JC      BA3_NAO
                      19             ;CARRY É 0, LOGO ÉLETRA PORQUE A>=10
                      20             ;BA2_SIM:BLOCO DE ATRIBUIÇÃO 2
0006 2441             21             ADD A,#"A"
0008 F5F0             22             MOV B,A
000A 8006             23             JMP FIMH2A
                      24             
                      25             ;BA3_NAO:BLOCO DE ATRIBUIÇÃO 3
                      26             
000C                  27     BA3_NAO:
000C 240A             28             ADD A,#10
000E 2430             29             ADD A,#'0'
0010 F5F0             30             MOV B,A
0012                  31     FIMH2A:
0012 22               32             RET
                      33             
                      34     END
A51 MACRO ASSEMBLER  H2A                                                                  10/29/2015 09:52:56 PAGE     2

SYMBOL TABLE LISTING
------ ----- -------


N A M E             T Y P E  V A L U E   ATTRIBUTES

B. . . . . . . . .  D ADDR   00F0H   A   
BA3_NAO. . . . . .  C ADDR   000CH   R   SEG=H2ACODE
FIMH2A . . . . . .  C ADDR   0012H   R   SEG=H2ACODE
H2A. . . . . . . .  N NUMB   -----       
H2ACODE. . . . . .  C SEG    0013H       REL=UNIT
INICIOH2A. . . . .  C ADDR   0000H   R   SEG=H2ACODE


REGISTER BANK(S) USED: 0 


ASSEMBLY COMPLETE.  0 WARNING(S), 0 ERROR(S)
