A51 MACRO ASSEMBLER  MAIN                                                                 12/04/2014 17:07:27 PAGE     1


MACRO ASSEMBLER A51 V8.02b
OBJECT MODULE PLACED IN main.OBJ
ASSEMBLER INVOKED BY: C:\Keil_v5\C51\BIN\A51.EXE main.a51 NOMOD51 SET(SMALL) DEBUG EP

LOC  OBJ            LINE     SOURCE

                       1     ;#include <89C51rx2.inc>
                +1     2  +1 $save     
                +1   191  +1 $restore 
                     192     
                     193     NAME MAIN
                     194                             
0000 020030          195             LJMP            START                   
                     196             
----                 197             CSEG            AT 30H  
                     198                     
0030                 199     START:
0030 8040            200                     jmp limpa
                     201                     
0032                 202     ba1:            
0032 D297            203                     setb p1.7
0034 C297            204                     clr p1.7
0036                 205     ba2:            
0036 D296            206                     setb p1.6
0038 C296            207                     clr p1.6
003A                 208     ba3:
003A D295            209                     setb p1.5
003C C295            210                     clr p1.5
003E                 211     ba4:    
003E D294            212                     setb p1.4
0040 C294            213                     clr p1.4
0042                 214     ba5:
0042 D293            215                     setb p1.3
0044 C293            216                     clr p1.3
0046                 217     ba6:
0046 D292            218                     setb p1.2
0048 C292            219                     clr p1.2
004A                 220     ba7:
004A D291            221                     setb p1.1
004C C291            222                     clr p1.1
004E                 223     ba8:
004E D290            224                     setb p1.0
0050 C290            225                     clr p1.0
0052                 226     ba9:
0052 D291            227                     setb p1.1
0054 C291            228                     clr p1.1
0056                 229     ba10:
0056 D292            230                     setb p1.2
0058 C292            231                     clr p1.2
005A                 232     ba11:
005A D293            233                     setb p1.3
005C C293            234                     clr p1.3
005E                 235     ba12:   
005E D294            236                     setb p1.4
0060 C294            237                     clr p1.4
0062                 238     ba13:
0062 D295            239                     setb p1.5
0064 C295            240                     clr p1.5
0066                 241     ba14:           
0066 D296            242                     setb p1.6
0068 C296            243                     clr p1.6
006A                 244     ba15:           
006A D297            245                     setb p1.7
006C C297            246                     clr p1.7
A51 MACRO ASSEMBLER  MAIN                                                                 12/04/2014 17:07:27 PAGE     2

006E                 247     ba16:           
006E D297            248                     setb p1.7
0070 C297            249                     clr p1.7
                     250     
                     251                     
                     252                     
0072                 253     limpa:
0072 C290            254                     clr p1.0
0074 C291            255                     clr p1.1
0076 C292            256                     clr p1.2
0078 C293            257                     clr p1.3
007A C294            258                     clr p1.4
007C C295            259                     clr p1.5
007E C296            260                     clr p1.6
0080 C297            261                     clr p1.7
                     262                     
0082 80AE            263                     jmp ba1
                     264     
                     265     end
                             
                             
                             
                             
A51 MACRO ASSEMBLER  MAIN                                                                 12/04/2014 17:07:27 PAGE     3

SYMBOL TABLE LISTING
------ ----- -------


N A M E             T Y P E  V A L U E   ATTRIBUTES

AC . . . . . . . .  B ADDR   00D0H.6 A   
ACC. . . . . . . .  D ADDR   00E0H   A   
AUXR . . . . . . .  D ADDR   008EH   A   
AUXR1. . . . . . .  D ADDR   00A2H   A   
B. . . . . . . . .  D ADDR   00F0H   A   
BA1. . . . . . . .  C ADDR   0032H   A   
BA10 . . . . . . .  C ADDR   0056H   A   
BA11 . . . . . . .  C ADDR   005AH   A   
BA12 . . . . . . .  C ADDR   005EH   A   
BA13 . . . . . . .  C ADDR   0062H   A   
BA14 . . . . . . .  C ADDR   0066H   A   
BA15 . . . . . . .  C ADDR   006AH   A   
BA16 . . . . . . .  C ADDR   006EH   A   
BA2. . . . . . . .  C ADDR   0036H   A   
BA3. . . . . . . .  C ADDR   003AH   A   
BA4. . . . . . . .  C ADDR   003EH   A   
BA5. . . . . . . .  C ADDR   0042H   A   
BA6. . . . . . . .  C ADDR   0046H   A   
BA7. . . . . . . .  C ADDR   004AH   A   
BA8. . . . . . . .  C ADDR   004EH   A   
BA9. . . . . . . .  C ADDR   0052H   A   
BDRCON . . . . . .  D ADDR   009BH   A   
BRL. . . . . . . .  D ADDR   009AH   A   
CCAP0H . . . . . .  D ADDR   00FAH   A   
CCAP0L . . . . . .  D ADDR   00EAH   A   
CCAP1H . . . . . .  D ADDR   00FBH   A   
CCAP1L . . . . . .  D ADDR   00EBH   A   
CCAP2H . . . . . .  D ADDR   00FCH   A   
CCAP2L . . . . . .  D ADDR   00ECH   A   
CCAP3H . . . . . .  D ADDR   00FDH   A   
CCAP3L . . . . . .  D ADDR   00EDH   A   
CCAP4H . . . . . .  D ADDR   00FEH   A   
CCAP4L . . . . . .  D ADDR   00EEH   A   
CCAPM0 . . . . . .  D ADDR   00DAH   A   
CCAPM1 . . . . . .  D ADDR   00DBH   A   
CCAPM2 . . . . . .  D ADDR   00DCH   A   
CCAPM3 . . . . . .  D ADDR   00DDH   A   
CCAPM4 . . . . . .  D ADDR   00DEH   A   
CCF0 . . . . . . .  D ADDR   00D8H   A   
CCF1 . . . . . . .  D ADDR   00D9H   A   
CCF2 . . . . . . .  D ADDR   00DAH   A   
CCF3 . . . . . . .  D ADDR   00DBH   A   
CCF4 . . . . . . .  D ADDR   00DCH   A   
CCON . . . . . . .  D ADDR   00D8H   A   
CF . . . . . . . .  D ADDR   00DFH   A   
CH . . . . . . . .  D ADDR   00F9H   A   
CKCON0 . . . . . .  D ADDR   008FH   A   
CKCON1 . . . . . .  D ADDR   00AFH   A   
CKRL . . . . . . .  D ADDR   0096H   A   
CL . . . . . . . .  D ADDR   00E9H   A   
CMOD . . . . . . .  D ADDR   00D9H   A   
CP_RL2 . . . . . .  B ADDR   00C8H.0 A   
CR . . . . . . . .  D ADDR   00DEH   A   
CY . . . . . . . .  B ADDR   00D0H.7 A   
C_T2 . . . . . . .  B ADDR   00C8H.1 A   
DPH. . . . . . . .  D ADDR   0083H   A   
DPL. . . . . . . .  D ADDR   0082H   A   
EA . . . . . . . .  B ADDR   00A8H.7 A   
EC . . . . . . . .  B ADDR   00A8H.6 A   
ES . . . . . . . .  B ADDR   00A8H.4 A   
A51 MACRO ASSEMBLER  MAIN                                                                 12/04/2014 17:07:27 PAGE     4

ET0. . . . . . . .  B ADDR   00A8H.1 A   
ET1. . . . . . . .  B ADDR   00A8H.3 A   
ET2. . . . . . . .  B ADDR   00A8H.5 A   
EX0. . . . . . . .  B ADDR   00A8H.0 A   
EX1. . . . . . . .  B ADDR   00A8H.2 A   
EXEN2. . . . . . .  B ADDR   00C8H.3 A   
EXF2 . . . . . . .  B ADDR   00C8H.6 A   
F0 . . . . . . . .  B ADDR   00D0H.5 A   
FCON . . . . . . .  D ADDR   00D1H   A   
IE0. . . . . . . .  B ADDR   0088H.1 A   
IE1. . . . . . . .  B ADDR   0088H.3 A   
IEN0 . . . . . . .  D ADDR   00A8H   A   
IEN1 . . . . . . .  D ADDR   00B1H   A   
INT0 . . . . . . .  B ADDR   00B0H.2 A   
INT1 . . . . . . .  B ADDR   00B0H.3 A   
IPH0 . . . . . . .  D ADDR   00B7H   A   
IPH1 . . . . . . .  D ADDR   00B3H   A   
IPL0 . . . . . . .  D ADDR   00B8H   A   
IPL1 . . . . . . .  D ADDR   00B2H   A   
IT0. . . . . . . .  B ADDR   0088H.0 A   
IT1. . . . . . . .  B ADDR   0088H.2 A   
KBE. . . . . . . .  D ADDR   009DH   A   
KBF. . . . . . . .  D ADDR   009EH   A   
KBLS . . . . . . .  D ADDR   009CH   A   
LIMPA. . . . . . .  C ADDR   0072H   A   
MAIN . . . . . . .  N NUMB   -----       
OV . . . . . . . .  B ADDR   00D0H.2 A   
P. . . . . . . . .  B ADDR   00D0H.0 A   
P0 . . . . . . . .  D ADDR   0080H   A   
P1 . . . . . . . .  D ADDR   0090H   A   
P2 . . . . . . . .  D ADDR   00A0H   A   
P3 . . . . . . . .  D ADDR   00B0H   A   
PCON . . . . . . .  D ADDR   0087H   A   
PPCL . . . . . . .  B ADDR   00B8H.6 A   
PSL. . . . . . . .  B ADDR   00B8H.4 A   
PSW. . . . . . . .  D ADDR   00D0H   A   
PT0L . . . . . . .  B ADDR   00B8H.1 A   
PT1L . . . . . . .  B ADDR   00B8H.3 A   
PT2L . . . . . . .  B ADDR   00B8H.5 A   
PX0L . . . . . . .  B ADDR   00B8H.0 A   
PX1L . . . . . . .  B ADDR   00B8H.2 A   
RB8. . . . . . . .  B ADDR   0098H.2 A   
RCAP2H . . . . . .  D ADDR   00CBH   A   
RCAP2L . . . . . .  D ADDR   00CAH   A   
RCLK . . . . . . .  B ADDR   00C8H.5 A   
RD . . . . . . . .  B ADDR   00B0H.7 A   
REN. . . . . . . .  B ADDR   0098H.4 A   
RI . . . . . . . .  B ADDR   0098H.0 A   
RS0. . . . . . . .  B ADDR   00D0H.3 A   
RS1. . . . . . . .  B ADDR   00D0H.4 A   
RXD. . . . . . . .  B ADDR   00B0H.0 A   
SADDR. . . . . . .  D ADDR   00A9H   A   
SADEN. . . . . . .  D ADDR   00B9H   A   
SBUF . . . . . . .  D ADDR   0099H   A   
SCON . . . . . . .  D ADDR   0098H   A   
SM0. . . . . . . .  B ADDR   0098H.7 A   
SM1. . . . . . . .  B ADDR   0098H.6 A   
SM2. . . . . . . .  B ADDR   0098H.5 A   
SP . . . . . . . .  D ADDR   0081H   A   
SPCON. . . . . . .  D ADDR   00C3H   A   
SPDAT. . . . . . .  D ADDR   00C5H   A   
SPSTA. . . . . . .  D ADDR   00C4H   A   
START. . . . . . .  C ADDR   0030H   A   
T0 . . . . . . . .  B ADDR   00B0H.4 A   
T1 . . . . . . . .  B ADDR   00B0H.5 A   
T2CON. . . . . . .  D ADDR   00C8H   A   
A51 MACRO ASSEMBLER  MAIN                                                                 12/04/2014 17:07:27 PAGE     5

T2MOD. . . . . . .  D ADDR   00C9H   A   
TB8. . . . . . . .  B ADDR   0098H.3 A   
TCLK . . . . . . .  B ADDR   00C8H.4 A   
TCON . . . . . . .  D ADDR   0088H   A   
TF0. . . . . . . .  B ADDR   0088H.5 A   
TF1. . . . . . . .  B ADDR   0088H.7 A   
TF2. . . . . . . .  B ADDR   00C8H.7 A   
TH0. . . . . . . .  D ADDR   008CH   A   
TH1. . . . . . . .  D ADDR   008DH   A   
TH2. . . . . . . .  D ADDR   00CDH   A   
TI . . . . . . . .  B ADDR   0098H.1 A   
TL0. . . . . . . .  D ADDR   008AH   A   
TL1. . . . . . . .  D ADDR   008BH   A   
TL2. . . . . . . .  D ADDR   00CCH   A   
TMOD . . . . . . .  D ADDR   0089H   A   
TR0. . . . . . . .  B ADDR   0088H.4 A   
TR1. . . . . . . .  B ADDR   0088H.6 A   
TR2. . . . . . . .  B ADDR   00C8H.2 A   
TXD. . . . . . . .  B ADDR   00B0H.1 A   
WDTPRG . . . . . .  D ADDR   00A7H   A   
WDTRST . . . . . .  D ADDR   00A6H   A   
WR . . . . . . . .  B ADDR   00B0H.6 A   


REGISTER BANK(S) USED: 0 


ASSEMBLY COMPLETE.  0 WARNING(S), 0 ERROR(S)
