A51 MACRO ASSEMBLER  NEWPASS                                                              01/23/2016 16:36:43 PAGE     1


MACRO ASSEMBLER A51 V8.02c
OBJECT MODULE PLACED IN .\Objects\newpass.obj
ASSEMBLER INVOKED BY: C:\Keil_v5\C51\BIN\A51.EXE newpass.a51 SET(SMALL) DEBUG PRINT(.\Listings\newpass.lst) OBJECT(.\Obj
                      ects\newpass.obj) EP

LOC  OBJ            LINE     SOURCE

                       1             NAME NEWPASS
                       2             PUBLIC INICIOPASS1
                       3             NEWPASS SEGMENT CODE 
----                   4             RSEG NEWPASS
0000 8000              5             JMP INICIOPASS1
                       6                     
                       7             EXTRN CODE (INICIOREAD)
                       8             EXTRN CODE (INICIOWAIT)
                       9             EXTRN CODE (INICIODISPLAY)
                      10             EXTRN DATA (COD3)
                      11             EXTRN DATA (TRINCO)
                      12                     
                      13     
                      14     
0002                  15     INICIOPASS1:
0002 A800     F       16             MOV R0,TRINCO
0004 B8012B           17             CJNE R0,#1, FIMNP2
0007 7800     F       18             MOV R0,#COD3
0009 7A04             19             MOV R2,#4
000B E8               20             MOV A,R0
000C F9               21             MOV R1,A
                      22             USING 0
000D C001             23             PUSH AR1
000F 780D             24             MOV R0,#13
0011 120000   F       25             LCALL INICIODISPLAY
0014 7803             26             MOV R0,#3
0016 120000   F       27             LCALL INICIOWAIT
0019 D001             28             POP AR1
001B                  29     INICIO:
                      30             USING 0
001B C001             31             PUSH AR1
                      32             USING 0
001D C002             33             PUSH AR2
001F 120000   F       34             LCALL INICIOREAD
0022 D002             35             POP AR2
0024 D001             36             POP AR1
0026 E8               37             MOV A,R0
0027 F7               38             MOV @R1,A
0028 09               39             INC R1
0029 DAF0             40             DJNZ R2,INICIO
002B                  41     FIMNP:
002B 780E             42             MOV R0,#14
002D 120000   F       43             LCALL INICIODISPLAY
0030 8005             44             JMP FIMNP3
0032                  45     FIMNP2:
0032 780F             46             MOV R0,#15
0034 120000   F       47             CALL INICIODISPLAY
0037                  48     FIMNP3: 
0037 7803             49             MOV R0,#3
0039 120000   F       50             LCALL INICIOWAIT
003C 22               51             RET
                      52             END
A51 MACRO ASSEMBLER  NEWPASS                                                              01/23/2016 16:36:43 PAGE     2

SYMBOL TABLE LISTING
------ ----- -------


N A M E             T Y P E  V A L U E   ATTRIBUTES

AR1. . . . . . . .  D ADDR   0001H   A   
AR2. . . . . . . .  D ADDR   0002H   A   
COD3 . . . . . . .  D ADDR   -----       EXT
FIMNP. . . . . . .  C ADDR   002BH   R   SEG=NEWPASS
FIMNP2 . . . . . .  C ADDR   0032H   R   SEG=NEWPASS
FIMNP3 . . . . . .  C ADDR   0037H   R   SEG=NEWPASS
INICIO . . . . . .  C ADDR   001BH   R   SEG=NEWPASS
INICIODISPLAY. . .  C ADDR   -----       EXT
INICIOPASS1. . . .  C ADDR   0002H   R   SEG=NEWPASS
INICIOREAD . . . .  C ADDR   -----       EXT
INICIOWAIT . . . .  C ADDR   -----       EXT
NEWPASS. . . . . .  C SEG    003DH       REL=UNIT
TRINCO . . . . . .  D ADDR   -----       EXT


REGISTER BANK(S) USED: 0 


ASSEMBLY COMPLETE.  0 WARNING(S), 0 ERROR(S)
