A51 MACRO ASSEMBLER  WAIT2                                                                01/23/2016 16:36:44 PAGE     1


MACRO ASSEMBLER A51 V8.02c
OBJECT MODULE PLACED IN .\Objects\wait2.obj
ASSEMBLER INVOKED BY: C:\Keil_v5\C51\BIN\A51.EXE wait2.a51 SET(SMALL) DEBUG PRINT(.\Listings\wait2.lst) OBJECT(.\Objects
                      \wait2.obj) EP

LOC  OBJ            LINE     SOURCE

                       1             NAME WAIT2
                       2             PUBLIC WAIT2
                       3             WAIT2CODE SEGMENT CODE 
----                   4             RSEG WAIT2CODE
0000 8000              5             JMP WAIT2
                       6             
                       7             EXTRN DATA(TRINCO)
                       8             EXTRN CODE (ISR)
                       9     
                      10     
0002                  11     WAIT2:
0002 758910           12             MOV TMOD,#10H  
0005 7DFF             13             MOV R5,#0FFH
0007 7CFF             14             MOV R4,#0FFH 
0009 D2AF             15             SETB EA
000B D2AB             16             SETB ET1
000D 750001   F       17             MOV TRINCO,#1
0010 758D3C           18             MOV TH1,#HIGH(-50000)
0013 758BB0           19             MOV TL1,#LOW(-50000)
0016 D28E             20             SETB TR1
0018 22               21     RET
                      22             
----                  23             CSEG AT 01BH
001B 8000             24             JMP ISRTIMER
001D                  25     ISRTIMER:
001D 120000   F       26             CALL ISR
0020 32               27             RETI
                      28             END
A51 MACRO ASSEMBLER  WAIT2                                                                01/23/2016 16:36:44 PAGE     2

SYMBOL TABLE LISTING
------ ----- -------


N A M E             T Y P E  V A L U E   ATTRIBUTES

EA . . . . . . . .  B ADDR   00A8H.7 A   
ET1. . . . . . . .  B ADDR   00A8H.3 A   
ISR. . . . . . . .  C ADDR   -----       EXT
ISRTIMER . . . . .  C ADDR   001DH   A   
TH1. . . . . . . .  D ADDR   008DH   A   
TL1. . . . . . . .  D ADDR   008BH   A   
TMOD . . . . . . .  D ADDR   0089H   A   
TR1. . . . . . . .  B ADDR   0088H.6 A   
TRINCO . . . . . .  D ADDR   -----       EXT
WAIT2. . . . . . .  C ADDR   0002H   R   SEG=WAIT2CODE
WAIT2CODE. . . . .  C SEG    0019H       REL=UNIT


REGISTER BANK(S) USED: 0 


ASSEMBLY COMPLETE.  0 WARNING(S), 0 ERROR(S)
