A51 MACRO ASSEMBLER  MAIN                                                                 01/08/2015 11:01:37 PAGE     1


MACRO ASSEMBLER A51 V8.02b
OBJECT MODULE PLACED IN main.OBJ
ASSEMBLER INVOKED BY: C:\Keil_v5\C51\BIN\A51.EXE main.a51 NOMOD51 SET(SMALL) DEBUG EP

LOC  OBJ            LINE     SOURCE

                       1     ;#include <89C51Rx2.inc>
                +1     2  +1 $save     
                +1   191  +1 $restore 
                     192     
                     193     
0000                 194             ORG 0h                          
0000 020033          195             LJMP MAIN
                     196     
002B                 197             ORG     2BH                     ;Vector utilizado para a interrupção desejada
002B B2A0            198             CPL             P2.0            
002D C2CF            199             CLR     TF2                     ;Timer recomeça, quando o timer faz overflow o tf2 
                             fica ativo e enquanto ficar assim o timer nao funciona
002F 0B              200             INC             R3                                              ;conta as interrupç
                             oes
0030 32              201             RETI                                                    ;volta para o sitio de onde
                              saiu.
                     202             
0033                 203             ORG     33H
                     204     
0033                 205     MAIN:
0033 7B00            206             MOV             R3,#0
0035 90005D          207             MOV             DPTR, #display
                     208             
0038 75C804          209             MOV     T2CON, #00000100b               ;ativar o timer 2 da forma que queremos. mo
                             do auto reload
003B 75CDFC          210             MOV     TH2,#HIGH(-1000)                ;estao a decrementar
003E 75CC18          211             MOV     TL2,#LOW(-1000)
0041 75CBFC          212             MOV     RCAP2H, #HIGH(-1000)    ;quando o tf2 fica a 1 o rcap passa outra vez os va
                             lores para o th2.
0044 75CA18          213             MOV             RCAP2L, #LOW(-1000)
0047 D2AF            214             SETB    EA                                              ;ativar as interrupcoes tod
                             as
0049 D2AD            215             SETB    ET2                                             ;ativa a interrupçao especi
                             fica do timer 2.
                     216             
                     217             
004B                 218     LOOP:
004B BBFAFD          219             CJNE    R3,#250,LOOP                    ;quando r3 chegar a 250 sai daqui. a cada m
                             icrosegundo salta 
                     220             
004E                 221     ESCREVER:
004E 7B00            222             MOV             R3,#0                                   ;como nunca mais volta a ma
                             in, temos que garantir que fica a zero.
0050 E4              223             CLR             A
0051 93              224             MOVC    A,@A+DPTR
0052 F590            225             MOV             P1,A
0054 A3              226             INC             DPTR
0055 B407F3          227             CJNE    A,#07h,LOOP
0058 90005D          228             MOV     DPTR,#DISPLAY
005B 80EE            229             JMP             LOOP
                     230     
005D                 231     DISPLAY:
005D 0CCF5446        232             DB              0CH,0CFH,54H,46H,87H,26H,24H,4FH,04H,07H
0061 8726244F                
0065 0407                    
                     233             
                     234     END
                                             
A51 MACRO ASSEMBLER  MAIN                                                                 01/08/2015 11:01:37 PAGE     2

SYMBOL TABLE LISTING
------ ----- -------


N A M E             T Y P E  V A L U E   ATTRIBUTES

AC . . . . . . . .  B ADDR   00D0H.6 A   
ACC. . . . . . . .  D ADDR   00E0H   A   
AUXR . . . . . . .  D ADDR   008EH   A   
AUXR1. . . . . . .  D ADDR   00A2H   A   
B. . . . . . . . .  D ADDR   00F0H   A   
BDRCON . . . . . .  D ADDR   009BH   A   
BRL. . . . . . . .  D ADDR   009AH   A   
CCAP0H . . . . . .  D ADDR   00FAH   A   
CCAP0L . . . . . .  D ADDR   00EAH   A   
CCAP1H . . . . . .  D ADDR   00FBH   A   
CCAP1L . . . . . .  D ADDR   00EBH   A   
CCAP2H . . . . . .  D ADDR   00FCH   A   
CCAP2L . . . . . .  D ADDR   00ECH   A   
CCAP3H . . . . . .  D ADDR   00FDH   A   
CCAP3L . . . . . .  D ADDR   00EDH   A   
CCAP4H . . . . . .  D ADDR   00FEH   A   
CCAP4L . . . . . .  D ADDR   00EEH   A   
CCAPM0 . . . . . .  D ADDR   00DAH   A   
CCAPM1 . . . . . .  D ADDR   00DBH   A   
CCAPM2 . . . . . .  D ADDR   00DCH   A   
CCAPM3 . . . . . .  D ADDR   00DDH   A   
CCAPM4 . . . . . .  D ADDR   00DEH   A   
CCF0 . . . . . . .  D ADDR   00D8H   A   
CCF1 . . . . . . .  D ADDR   00D9H   A   
CCF2 . . . . . . .  D ADDR   00DAH   A   
CCF3 . . . . . . .  D ADDR   00DBH   A   
CCF4 . . . . . . .  D ADDR   00DCH   A   
CCON . . . . . . .  D ADDR   00D8H   A   
CF . . . . . . . .  D ADDR   00DFH   A   
CH . . . . . . . .  D ADDR   00F9H   A   
CKCON0 . . . . . .  D ADDR   008FH   A   
CKCON1 . . . . . .  D ADDR   00AFH   A   
CKRL . . . . . . .  D ADDR   0096H   A   
CL . . . . . . . .  D ADDR   00E9H   A   
CMOD . . . . . . .  D ADDR   00D9H   A   
CP_RL2 . . . . . .  B ADDR   00C8H.0 A   
CR . . . . . . . .  D ADDR   00DEH   A   
CY . . . . . . . .  B ADDR   00D0H.7 A   
C_T2 . . . . . . .  B ADDR   00C8H.1 A   
DISPLAY. . . . . .  C ADDR   005DH   A   
DPH. . . . . . . .  D ADDR   0083H   A   
DPL. . . . . . . .  D ADDR   0082H   A   
EA . . . . . . . .  B ADDR   00A8H.7 A   
EC . . . . . . . .  B ADDR   00A8H.6 A   
ES . . . . . . . .  B ADDR   00A8H.4 A   
ESCREVER . . . . .  C ADDR   004EH   A   
ET0. . . . . . . .  B ADDR   00A8H.1 A   
ET1. . . . . . . .  B ADDR   00A8H.3 A   
ET2. . . . . . . .  B ADDR   00A8H.5 A   
EX0. . . . . . . .  B ADDR   00A8H.0 A   
EX1. . . . . . . .  B ADDR   00A8H.2 A   
EXEN2. . . . . . .  B ADDR   00C8H.3 A   
EXF2 . . . . . . .  B ADDR   00C8H.6 A   
F0 . . . . . . . .  B ADDR   00D0H.5 A   
FCON . . . . . . .  D ADDR   00D1H   A   
IE0. . . . . . . .  B ADDR   0088H.1 A   
IE1. . . . . . . .  B ADDR   0088H.3 A   
IEN0 . . . . . . .  D ADDR   00A8H   A   
IEN1 . . . . . . .  D ADDR   00B1H   A   
INT0 . . . . . . .  B ADDR   00B0H.2 A   
A51 MACRO ASSEMBLER  MAIN                                                                 01/08/2015 11:01:37 PAGE     3

INT1 . . . . . . .  B ADDR   00B0H.3 A   
IPH0 . . . . . . .  D ADDR   00B7H   A   
IPL0 . . . . . . .  D ADDR   00B8H   A   
IPL1 . . . . . . .  D ADDR   00B2H   A   
IT0. . . . . . . .  B ADDR   0088H.0 A   
IT1. . . . . . . .  B ADDR   0088H.2 A   
KBE. . . . . . . .  D ADDR   009DH   A   
KBF. . . . . . . .  D ADDR   009EH   A   
KBLS . . . . . . .  D ADDR   009CH   A   
LOOP . . . . . . .  C ADDR   004BH   A   
MAIN . . . . . . .  C ADDR   0033H   A   
OV . . . . . . . .  B ADDR   00D0H.2 A   
P. . . . . . . . .  B ADDR   00D0H.0 A   
P0 . . . . . . . .  D ADDR   0080H   A   
P1 . . . . . . . .  D ADDR   0090H   A   
P2 . . . . . . . .  D ADDR   00A0H   A   
P3 . . . . . . . .  D ADDR   00B0H   A   
PCON . . . . . . .  D ADDR   0087H   A   
PPCL . . . . . . .  B ADDR   00B8H.6 A   
PSL. . . . . . . .  B ADDR   00B8H.4 A   
PSW. . . . . . . .  D ADDR   00D0H   A   
PT0L . . . . . . .  B ADDR   00B8H.1 A   
PT1L . . . . . . .  B ADDR   00B8H.3 A   
PT2L . . . . . . .  B ADDR   00B8H.5 A   
PX0L . . . . . . .  B ADDR   00B8H.0 A   
PX1L . . . . . . .  B ADDR   00B8H.2 A   
RB8. . . . . . . .  B ADDR   0098H.2 A   
RCAP2H . . . . . .  D ADDR   00CBH   A   
RCAP2L . . . . . .  D ADDR   00CAH   A   
RCLK . . . . . . .  B ADDR   00C8H.5 A   
RD . . . . . . . .  B ADDR   00B0H.7 A   
REN. . . . . . . .  B ADDR   0098H.4 A   
RI . . . . . . . .  B ADDR   0098H.0 A   
RS0. . . . . . . .  B ADDR   00D0H.3 A   
RS1. . . . . . . .  B ADDR   00D0H.4 A   
RXD. . . . . . . .  B ADDR   00B0H.0 A   
SADDR. . . . . . .  D ADDR   00A9H   A   
SADEN. . . . . . .  D ADDR   00B9H   A   
SBUF . . . . . . .  D ADDR   0099H   A   
SCON . . . . . . .  D ADDR   0098H   A   
SM0. . . . . . . .  B ADDR   0098H.7 A   
SM1. . . . . . . .  B ADDR   0098H.6 A   
SM2. . . . . . . .  B ADDR   0098H.5 A   
SP . . . . . . . .  D ADDR   0081H   A   
SPCON. . . . . . .  D ADDR   00C3H   A   
SPDAT. . . . . . .  D ADDR   00C5H   A   
SPSTA. . . . . . .  D ADDR   00C4H   A   
T0 . . . . . . . .  B ADDR   00B0H.4 A   
T1 . . . . . . . .  B ADDR   00B0H.5 A   
T2CON. . . . . . .  D ADDR   00C8H   A   
T2MOD. . . . . . .  D ADDR   00C9H   A   
TB8. . . . . . . .  B ADDR   0098H.3 A   
TCLK . . . . . . .  B ADDR   00C8H.4 A   
TCON . . . . . . .  D ADDR   0088H   A   
TF0. . . . . . . .  B ADDR   0088H.5 A   
TF1. . . . . . . .  B ADDR   0088H.7 A   
TF2. . . . . . . .  B ADDR   00C8H.7 A   
TH0. . . . . . . .  D ADDR   008CH   A   
TH1. . . . . . . .  D ADDR   008DH   A   
TH2. . . . . . . .  D ADDR   00CDH   A   
TI . . . . . . . .  B ADDR   0098H.1 A   
TL0. . . . . . . .  D ADDR   008AH   A   
TL1. . . . . . . .  D ADDR   008BH   A   
TL2. . . . . . . .  D ADDR   00CCH   A   
TMOD . . . . . . .  D ADDR   0089H   A   
TR0. . . . . . . .  B ADDR   0088H.4 A   
A51 MACRO ASSEMBLER  MAIN                                                                 01/08/2015 11:01:37 PAGE     4

TR1. . . . . . . .  B ADDR   0088H.6 A   
TR2. . . . . . . .  B ADDR   00C8H.2 A   
TXD. . . . . . . .  B ADDR   00B0H.1 A   
WDTPRG . . . . . .  D ADDR   00A7H   A   
WDTRST . . . . . .  D ADDR   00A6H   A   
WR . . . . . . . .  B ADDR   00B0H.6 A   


REGISTER BANK(S) USED: 0 


ASSEMBLY COMPLETE.  0 WARNING(S), 0 ERROR(S)
