A51 MACRO ASSEMBLER  CONTAGEM                                                             12/11/2013 00:41:10 PAGE     1


MACRO ASSEMBLER A51 V8.02b
OBJECT MODULE PLACED IN contagem.OBJ
ASSEMBLER INVOKED BY: C:\Keil\C51\BIN\A51.EXE contagem.a51 NOMOD51 SET(SMALL) DEBUG EP

LOC  OBJ            LINE     SOURCE

                       1     ; Filipe Rodrigues nº 68455
                       2     ; Eduardo Silva nº 70216
                       3     
                       4     ;       INICIO DE PROGRAMA              
                       5     ;#include <89C51IC2.inc> 
                +1     6  +1 $save     
                +1   207  +1 $restore 
                     208     
                     209                     NAME MAIN
                     210                     EXTRN   CODE    (ENVIAR_RS232, RECEBER_RS232, CONFIG_RS232)
                     211                     
----                 212                     CSEG    AT      0H
0000 802E            213                     JMP             MAIN
----                 214                     CSEG    AT      30H
                     215             
0030                 216     MAIN:   
0030 120000   F      217                     CALL    CONFIG_RS232    ; configura a porta de serie(flags, bourate, etc)
0033 120000   F      218                     CALL    RECEBER_RS232
0036 9430            219                     SUBB    A,#30h
0038 F8              220                     MOV             R0,A
                     221                     
0039                 222     RECOMECAR:
                     223                                     
0039 E8              224                     MOV             A,R0
003A FB              225                     MOV             R3,A
003B 7C00            226                     MOV     R4,#0                   ; inicializa o contador a 0
003D 7A00            227                     MOV     R2,#0                   ; inicializa o contador a 0
003F 0B              228                     INC             R3
0040 900069          229                     MOV     DPTR,#MENSAGEM  ; DPTR toma o valor do apontador de MENSAGEM, ou se
                             ja o valor da primeira posição da string
                     230                     
0043                 231     CONTADOR:
0043 7D8A            232                     MOV             R5,#138
0045 7E8B            233                     MOV             R6,#139
0047 7F04            234                     MOV             R7,#4
0049 115E            235                     CALL    ESCREVER
004B 1154            236                     CALL    ATRASO_0
004D 1B              237                     DEC             R3
004E EB              238                     MOV             A,R3
004F B400F1          239                     CJNE    A,#0,CONTADOR
0052 80E5            240                     JMP             RECOMECAR
                     241                     
0054                 242     ATRASO_0:
0054                 243     ATRASO_1:
0054                 244     ATRASO_2:
0054 00              245                     NOP
0055 DDFD            246                     DJNZ    R5,ATRASO_2             
0057 00              247                     NOP
0058 DEFA            248                     DJNZ    R6,ATRASO_1             
005A 00              249                     NOP
005B DFF7            250                     DJNZ    R7,ATRASO_0
005D 22              251                     RET
                     252     
005E                 253     ESCREVER:
005E EC              254             MOV             A,R4
005F 93              255                     MOVC    A,@A+DPTR
0060 F590            256                     MOV             P1,A
0062 EA              257                     MOV             A,R2
A51 MACRO ASSEMBLER  CONTAGEM                                                             12/11/2013 00:41:10 PAGE     2

0063 120000   F      258                     CALL    ENVIAR_RS232
0066 0C              259                     INC             R4
0067 0A              260                     INC             R2
0068 22              261                     RET
0069                 262     MENSAGEM:
0069 0CCF5446        263                     DB      0Ch,0CFh,54h,46h,87h,26h,24h,4Fh,04h,07h
006D 8726244F                
0071 0407                    
0073 22              264                     RET
                     265                     
                     266     END             ;FIM DE PROGRAMA
A51 MACRO ASSEMBLER  CONTAGEM                                                             12/11/2013 00:41:10 PAGE     3

SYMBOL TABLE LISTING
------ ----- -------


N A M E             T Y P E  V A L U E   ATTRIBUTES

AC . . . . . . . .  B ADDR   00D0H.6 A   
ACC. . . . . . . .  D ADDR   00E0H   A   
ATRASO_0 . . . . .  C ADDR   0054H   A   
ATRASO_1 . . . . .  C ADDR   0054H   A   
ATRASO_2 . . . . .  C ADDR   0054H   A   
AUXR . . . . . . .  D ADDR   008EH   A   
AUXR1. . . . . . .  D ADDR   00A2H   A   
B. . . . . . . . .  D ADDR   00F0H   A   
BDRCON . . . . . .  D ADDR   009BH   A   
BRL. . . . . . . .  D ADDR   009AH   A   
CCAP0H . . . . . .  D ADDR   00FAH   A   
CCAP0L . . . . . .  D ADDR   00EAH   A   
CCAP1H . . . . . .  D ADDR   00FBH   A   
CCAP1L . . . . . .  D ADDR   00EBH   A   
CCAP2H . . . . . .  D ADDR   00FCH   A   
CCAP2L . . . . . .  D ADDR   00ECH   A   
CCAP3H . . . . . .  D ADDR   00FDH   A   
CCAP3L . . . . . .  D ADDR   00EDH   A   
CCAP4H . . . . . .  D ADDR   00FEH   A   
CCAP4L . . . . . .  D ADDR   00EEH   A   
CCAPM0 . . . . . .  D ADDR   00DAH   A   
CCAPM1 . . . . . .  D ADDR   00DBH   A   
CCAPM2 . . . . . .  D ADDR   00DCH   A   
CCAPM3 . . . . . .  D ADDR   00DDH   A   
CCAPM4 . . . . . .  D ADDR   00DEH   A   
CCF0 . . . . . . .  D ADDR   00D8H   A   
CCF1 . . . . . . .  D ADDR   00D9H   A   
CCF2 . . . . . . .  D ADDR   00DAH   A   
CCF3 . . . . . . .  D ADDR   00DBH   A   
CCF4 . . . . . . .  D ADDR   00DCH   A   
CCON . . . . . . .  D ADDR   00D8H   A   
CF . . . . . . . .  D ADDR   00DFH   A   
CH . . . . . . . .  D ADDR   00F9H   A   
CKCON0 . . . . . .  D ADDR   008FH   A   
CKCON1 . . . . . .  D ADDR   00AFH   A   
CKRL . . . . . . .  D ADDR   0096H   A   
CKSEL. . . . . . .  D ADDR   0085H   A   
CL . . . . . . . .  D ADDR   00E9H   A   
CMOD . . . . . . .  D ADDR   00D9H   A   
CONFIG_RS232 . . .  C ADDR   -----       EXT
CONTADOR . . . . .  C ADDR   0043H   A   
CP_RL2 . . . . . .  B ADDR   00C8H.0 A   
CR . . . . . . . .  D ADDR   00DEH   A   
CY . . . . . . . .  B ADDR   00D0H.7 A   
C_T2 . . . . . . .  B ADDR   00C8H.1 A   
DPH. . . . . . . .  D ADDR   0083H   A   
DPL. . . . . . . .  D ADDR   0082H   A   
EA . . . . . . . .  B ADDR   00A8H.7 A   
EC . . . . . . . .  B ADDR   00A8H.6 A   
ENVIAR_RS232 . . .  C ADDR   -----       EXT
ES . . . . . . . .  B ADDR   00A8H.4 A   
ESCREVER . . . . .  C ADDR   005EH   A   
ET0. . . . . . . .  B ADDR   00A8H.1 A   
ET1. . . . . . . .  B ADDR   00A8H.3 A   
ET2. . . . . . . .  B ADDR   00A8H.5 A   
EX0. . . . . . . .  B ADDR   00A8H.0 A   
EX1. . . . . . . .  B ADDR   00A8H.2 A   
EXEN2. . . . . . .  B ADDR   00C8H.3 A   
EXF2 . . . . . . .  B ADDR   00C8H.6 A   
F0 . . . . . . . .  B ADDR   00D0H.5 A   
A51 MACRO ASSEMBLER  CONTAGEM                                                             12/11/2013 00:41:10 PAGE     4

FCON . . . . . . .  D ADDR   00D1H   A   
IE0. . . . . . . .  B ADDR   0088H.1 A   
IE1. . . . . . . .  B ADDR   0088H.3 A   
IEN0 . . . . . . .  D ADDR   00A8H   A   
IEN1 . . . . . . .  D ADDR   00B1H   A   
INT0 . . . . . . .  B ADDR   00B0H.2 A   
INT1 . . . . . . .  B ADDR   00B0H.3 A   
IPH0 . . . . . . .  D ADDR   00B7H   A   
IPL0 . . . . . . .  D ADDR   00B8H   A   
IPL1 . . . . . . .  D ADDR   00B2H   A   
IT0. . . . . . . .  B ADDR   0088H.0 A   
IT1. . . . . . . .  B ADDR   0088H.2 A   
KBE. . . . . . . .  D ADDR   009DH   A   
KBF. . . . . . . .  D ADDR   009EH   A   
KBLS . . . . . . .  D ADDR   009CH   A   
MAIN . . . . . . .  C ADDR   0030H   A   
MENSAGEM . . . . .  C ADDR   0069H   A   
OSCCON . . . . . .  D ADDR   0086H   A   
OV . . . . . . . .  B ADDR   00D0H.2 A   
P. . . . . . . . .  B ADDR   00D0H.0 A   
P0 . . . . . . . .  D ADDR   0080H   A   
P1 . . . . . . . .  D ADDR   0090H   A   
P2 . . . . . . . .  D ADDR   00A0H   A   
P3 . . . . . . . .  D ADDR   00B0H   A   
PCON . . . . . . .  D ADDR   0087H   A   
PI2. . . . . . . .  D ADDR   00C0H   A   
PI2_1. . . . . . .  B ADDR   00C0H.1 A   
PI2_O. . . . . . .  B ADDR   00C0H.0 A   
PPCL . . . . . . .  B ADDR   00B8H.6 A   
PSL. . . . . . . .  B ADDR   00B8H.4 A   
PSW. . . . . . . .  D ADDR   00D0H   A   
PT0L . . . . . . .  B ADDR   00B8H.1 A   
PT1L . . . . . . .  B ADDR   00B8H.3 A   
PT2L . . . . . . .  B ADDR   00B8H.5 A   
PX0L . . . . . . .  B ADDR   00B8H.0 A   
PX1L . . . . . . .  B ADDR   00B8H.2 A   
RB8. . . . . . . .  B ADDR   0098H.2 A   
RCAP2H . . . . . .  D ADDR   00CBH   A   
RCAP2L . . . . . .  D ADDR   00CAH   A   
RCLK . . . . . . .  B ADDR   00C8H.5 A   
RD . . . . . . . .  B ADDR   00B0H.7 A   
RECEBER_RS232. . .  C ADDR   -----       EXT
RECOMECAR. . . . .  C ADDR   0039H   A   
REN. . . . . . . .  B ADDR   0098H.4 A   
RI . . . . . . . .  B ADDR   0098H.0 A   
RS0. . . . . . . .  B ADDR   00D0H.3 A   
RS1. . . . . . . .  B ADDR   00D0H.4 A   
RXD. . . . . . . .  B ADDR   00B0H.0 A   
SADDR. . . . . . .  D ADDR   00A9H   A   
SADEN. . . . . . .  D ADDR   00B9H   A   
SBUF . . . . . . .  D ADDR   0099H   A   
SCON . . . . . . .  D ADDR   0098H   A   
SM0. . . . . . . .  B ADDR   0098H.7 A   
SM1. . . . . . . .  B ADDR   0098H.6 A   
SM2. . . . . . . .  B ADDR   0098H.5 A   
SP . . . . . . . .  D ADDR   0081H   A   
SPCON. . . . . . .  D ADDR   00C3H   A   
SPDAT. . . . . . .  D ADDR   00C5H   A   
SPSTA. . . . . . .  D ADDR   00C4H   A   
SSADR. . . . . . .  D ADDR   0096H   A   
SSCON. . . . . . .  D ADDR   0093H   A   
SSCS . . . . . . .  D ADDR   0094H   A   
SSDAT. . . . . . .  D ADDR   0095H   A   
T0 . . . . . . . .  B ADDR   00B0H.4 A   
T1 . . . . . . . .  B ADDR   00B0H.5 A   
T2CON. . . . . . .  D ADDR   00C8H   A   
A51 MACRO ASSEMBLER  CONTAGEM                                                             12/11/2013 00:41:10 PAGE     5

T2MOD. . . . . . .  D ADDR   00C9H   A   
TB8. . . . . . . .  B ADDR   0098H.3 A   
TCLK . . . . . . .  B ADDR   00C8H.4 A   
TCON . . . . . . .  D ADDR   0088H   A   
TF0. . . . . . . .  B ADDR   0088H.5 A   
TF1. . . . . . . .  B ADDR   0088H.7 A   
TF2. . . . . . . .  B ADDR   00C8H.7 A   
TH0. . . . . . . .  D ADDR   008CH   A   
TH1. . . . . . . .  D ADDR   008DH   A   
TH2. . . . . . . .  D ADDR   00CDH   A   
TI . . . . . . . .  B ADDR   0098H.1 A   
TL0. . . . . . . .  D ADDR   008AH   A   
TL1. . . . . . . .  D ADDR   008BH   A   
TL2. . . . . . . .  D ADDR   00CCH   A   
TMOD . . . . . . .  D ADDR   0089H   A   
TR0. . . . . . . .  B ADDR   0088H.4 A   
TR1. . . . . . . .  B ADDR   0088H.6 A   
TR2. . . . . . . .  B ADDR   00C8H.2 A   
TXD. . . . . . . .  B ADDR   00B0H.1 A   
WDTPRG . . . . . .  D ADDR   00A7H   A   
WDTRST . . . . . .  D ADDR   00A6H   A   
WR . . . . . . . .  B ADDR   00B0H.6 A   


REGISTER BANK(S) USED: 0 


ASSEMBLY COMPLETE.  0 WARNING(S), 0 ERROR(S)
