A51 MACRO ASSEMBLER  1                                                                    12/19/2012 18:44:33 PAGE     1


MACRO ASSEMBLER A51 V8.02a
OBJECT MODULE PLACED IN 1.OBJ
ASSEMBLER INVOKED BY: C:\Keil\C51\BIN\A51.EXE 1.a51 NOMOD51 SET(SMALL) DEBUG EP

LOC  OBJ            LINE     SOURCE

                       1     ;#include <89C51Rx2.Inc>
                +1     2  +1 $save     
                +1   191  +1 $restore 
                     192     
                     193     
----                 194     CSEG AT 00h
0000 802E            195     JMP MAIN
----                 196     CSEG AT 13h
0013 8033            197     JMP LOOP
----                 198     CSEG AT 03h
0003 8047            199     JMP LOOP2
----                 200     CSEG AT 30h
                     201     
0030                 202     MAIN:                            
0030 D2AF            203             SETB EA         
                     204             
0032 1176            205             CALL CONFIG_SERIE       
0034 1157            206             CALL INT_1      
0036 1150            207             CALL INT_0
                     208             ;MOV P1,0CH
0038 3098FD          209             JNB RI,$
003B E599            210             MOV A,SBUF      
003D 9430            211             SUBB A,#30h
003F 04              212             INC A
0040 FA              213             MOV R2,A
0041 900066          214             MOV DPTR,#TABELA
0044 115E            215             CALL ENVIAR
0046 80E8            216             JMP MAIN
                     217     
0048                 218     LOOP:
0048 7590A4          219             MOV P1,#0A4H
004B 32              220             RETI
                     221     
004C                 222     LOOP2:
004C 75900C          223             MOV P1,#0CH
004F 32              224             RETI
                     225     
0050                 226     INT_0:
0050 D2A8            227             SETB EX0
0052 D288            228             SETB IT0 
0054 D2B3            229             SETB P3.3
0056 22              230             RET
                     231     
0057                 232     INT_1:
0057 D2AA            233             SETB EX1
0059 D28A            234             SETB IT1
005B D2B4            235             SETB P3.4
005D 22              236             RET
                     237     
005E                 238     ENVIAR: 
005E E4              239             CLR A
005F 93              240             MOVC A,@A+DPTR    
0060 A3              241             INC DPTR 
0061 DAFB            242             DJNZ R2,ENVIAR
0063 F590            243             MOV P1,A         
0065 22              244             RET
                     245     
0066                 246     TABELA:
A51 MACRO ASSEMBLER  1                                                                    12/19/2012 18:44:33 PAGE     2

0066 0CCF5446        247             DB      0CH,0CFH,54H,46H,87H,26H,24H,4FH,04H,06H,05H,0A4H,0F4H,0C4H,34H,35H
006A 8726244F                
006E 040605A4                
0072 F4C43435                
                     248     
0076                 249     CONFIG_SERIE:
0076 759850          250             MOV SCON ,#50h
0079 75C834          251             MOV T2CON,#34H
007C 75CBFF          252             MOV RCAP2H,#0FFH
007F 75CAD9          253             MOV RCAP2L,#0D9H
0082 22              254     RET
                     255     
                     256     END     
A51 MACRO ASSEMBLER  1                                                                    12/19/2012 18:44:33 PAGE     3

SYMBOL TABLE LISTING
------ ----- -------


N A M E             T Y P E  V A L U E   ATTRIBUTES

AC . . . . . . . .  B ADDR   00D0H.6 A   
ACC. . . . . . . .  D ADDR   00E0H   A   
AUXR . . . . . . .  D ADDR   008EH   A   
AUXR1. . . . . . .  D ADDR   00A2H   A   
B. . . . . . . . .  D ADDR   00F0H   A   
BDRCON . . . . . .  D ADDR   009BH   A   
BRL. . . . . . . .  D ADDR   009AH   A   
CCAP0H . . . . . .  D ADDR   00FAH   A   
CCAP0L . . . . . .  D ADDR   00EAH   A   
CCAP1H . . . . . .  D ADDR   00FBH   A   
CCAP1L . . . . . .  D ADDR   00EBH   A   
CCAP2H . . . . . .  D ADDR   00FCH   A   
CCAP2L . . . . . .  D ADDR   00ECH   A   
CCAP3H . . . . . .  D ADDR   00FDH   A   
CCAP3L . . . . . .  D ADDR   00EDH   A   
CCAP4H . . . . . .  D ADDR   00FEH   A   
CCAP4L . . . . . .  D ADDR   00EEH   A   
CCAPM0 . . . . . .  D ADDR   00DAH   A   
CCAPM1 . . . . . .  D ADDR   00DBH   A   
CCAPM2 . . . . . .  D ADDR   00DCH   A   
CCAPM3 . . . . . .  D ADDR   00DDH   A   
CCAPM4 . . . . . .  D ADDR   00DEH   A   
CCF0 . . . . . . .  D ADDR   00D8H   A   
CCF1 . . . . . . .  D ADDR   00D9H   A   
CCF2 . . . . . . .  D ADDR   00DAH   A   
CCF3 . . . . . . .  D ADDR   00DBH   A   
CCF4 . . . . . . .  D ADDR   00DCH   A   
CCON . . . . . . .  D ADDR   00D8H   A   
CF . . . . . . . .  D ADDR   00DFH   A   
CH . . . . . . . .  D ADDR   00F9H   A   
CKCON0 . . . . . .  D ADDR   008FH   A   
CKCON1 . . . . . .  D ADDR   00AFH   A   
CKRL . . . . . . .  D ADDR   0096H   A   
CL . . . . . . . .  D ADDR   00E9H   A   
CMOD . . . . . . .  D ADDR   00D9H   A   
CONFIG_SERIE . . .  C ADDR   0076H   A   
CP_RL2 . . . . . .  B ADDR   00C8H.0 A   
CR . . . . . . . .  D ADDR   00DEH   A   
CY . . . . . . . .  B ADDR   00D0H.7 A   
C_T2 . . . . . . .  B ADDR   00C8H.1 A   
DPH. . . . . . . .  D ADDR   0083H   A   
DPL. . . . . . . .  D ADDR   0082H   A   
EA . . . . . . . .  B ADDR   00A8H.7 A   
EC . . . . . . . .  B ADDR   00A8H.6 A   
ENVIAR . . . . . .  C ADDR   005EH   A   
ES . . . . . . . .  B ADDR   00A8H.4 A   
ET0. . . . . . . .  B ADDR   00A8H.1 A   
ET1. . . . . . . .  B ADDR   00A8H.3 A   
ET2. . . . . . . .  B ADDR   00A8H.5 A   
EX0. . . . . . . .  B ADDR   00A8H.0 A   
EX1. . . . . . . .  B ADDR   00A8H.2 A   
EXEN2. . . . . . .  B ADDR   00C8H.3 A   
EXF2 . . . . . . .  B ADDR   00C8H.6 A   
F0 . . . . . . . .  B ADDR   00D0H.5 A   
FCON . . . . . . .  D ADDR   00D1H   A   
IE0. . . . . . . .  B ADDR   0088H.1 A   
IE1. . . . . . . .  B ADDR   0088H.3 A   
IEN0 . . . . . . .  D ADDR   00A8H   A   
IEN1 . . . . . . .  D ADDR   00B1H   A   
INT0 . . . . . . .  B ADDR   00B0H.2 A   
A51 MACRO ASSEMBLER  1                                                                    12/19/2012 18:44:33 PAGE     4

INT1 . . . . . . .  B ADDR   00B0H.3 A   
INT_0. . . . . . .  C ADDR   0050H   A   
INT_1. . . . . . .  C ADDR   0057H   A   
IPH0 . . . . . . .  D ADDR   00B7H   A   
IPL0 . . . . . . .  D ADDR   00B8H   A   
IPL1 . . . . . . .  D ADDR   00B2H   A   
IT0. . . . . . . .  B ADDR   0088H.0 A   
IT1. . . . . . . .  B ADDR   0088H.2 A   
KBE. . . . . . . .  D ADDR   009DH   A   
KBF. . . . . . . .  D ADDR   009EH   A   
KBLS . . . . . . .  D ADDR   009CH   A   
LOOP . . . . . . .  C ADDR   0048H   A   
LOOP2. . . . . . .  C ADDR   004CH   A   
MAIN . . . . . . .  C ADDR   0030H   A   
OV . . . . . . . .  B ADDR   00D0H.2 A   
P. . . . . . . . .  B ADDR   00D0H.0 A   
P0 . . . . . . . .  D ADDR   0080H   A   
P1 . . . . . . . .  D ADDR   0090H   A   
P2 . . . . . . . .  D ADDR   00A0H   A   
P3 . . . . . . . .  D ADDR   00B0H   A   
PCON . . . . . . .  D ADDR   0087H   A   
PPCL . . . . . . .  B ADDR   00B8H.6 A   
PSL. . . . . . . .  B ADDR   00B8H.4 A   
PSW. . . . . . . .  D ADDR   00D0H   A   
PT0L . . . . . . .  B ADDR   00B8H.1 A   
PT1L . . . . . . .  B ADDR   00B8H.3 A   
PT2L . . . . . . .  B ADDR   00B8H.5 A   
PX0L . . . . . . .  B ADDR   00B8H.0 A   
PX1L . . . . . . .  B ADDR   00B8H.2 A   
RB8. . . . . . . .  B ADDR   0098H.2 A   
RCAP2H . . . . . .  D ADDR   00CBH   A   
RCAP2L . . . . . .  D ADDR   00CAH   A   
RCLK . . . . . . .  B ADDR   00C8H.5 A   
RD . . . . . . . .  B ADDR   00B0H.7 A   
REN. . . . . . . .  B ADDR   0098H.4 A   
RI . . . . . . . .  B ADDR   0098H.0 A   
RS0. . . . . . . .  B ADDR   00D0H.3 A   
RS1. . . . . . . .  B ADDR   00D0H.4 A   
RXD. . . . . . . .  B ADDR   00B0H.0 A   
SADDR. . . . . . .  D ADDR   00A9H   A   
SADEN. . . . . . .  D ADDR   00B9H   A   
SBUF . . . . . . .  D ADDR   0099H   A   
SCON . . . . . . .  D ADDR   0098H   A   
SM0. . . . . . . .  B ADDR   0098H.7 A   
SM1. . . . . . . .  B ADDR   0098H.6 A   
SM2. . . . . . . .  B ADDR   0098H.5 A   
SP . . . . . . . .  D ADDR   0081H   A   
SPCON. . . . . . .  D ADDR   00C3H   A   
SPDAT. . . . . . .  D ADDR   00C5H   A   
SPSTA. . . . . . .  D ADDR   00C4H   A   
T0 . . . . . . . .  B ADDR   00B0H.4 A   
T1 . . . . . . . .  B ADDR   00B0H.5 A   
T2CON. . . . . . .  D ADDR   00C8H   A   
T2MOD. . . . . . .  D ADDR   00C9H   A   
TABELA . . . . . .  C ADDR   0066H   A   
TB8. . . . . . . .  B ADDR   0098H.3 A   
TCLK . . . . . . .  B ADDR   00C8H.4 A   
TCON . . . . . . .  D ADDR   0088H   A   
TF0. . . . . . . .  B ADDR   0088H.5 A   
TF1. . . . . . . .  B ADDR   0088H.7 A   
TF2. . . . . . . .  B ADDR   00C8H.7 A   
TH0. . . . . . . .  D ADDR   008CH   A   
TH1. . . . . . . .  D ADDR   008DH   A   
TH2. . . . . . . .  D ADDR   00CDH   A   
TI . . . . . . . .  B ADDR   0098H.1 A   
TL0. . . . . . . .  D ADDR   008AH   A   
A51 MACRO ASSEMBLER  1                                                                    12/19/2012 18:44:33 PAGE     5

TL1. . . . . . . .  D ADDR   008BH   A   
TL2. . . . . . . .  D ADDR   00CCH   A   
TMOD . . . . . . .  D ADDR   0089H   A   
TR0. . . . . . . .  B ADDR   0088H.4 A   
TR1. . . . . . . .  B ADDR   0088H.6 A   
TR2. . . . . . . .  B ADDR   00C8H.2 A   
TXD. . . . . . . .  B ADDR   00B0H.1 A   
WDTPRG . . . . . .  D ADDR   00A7H   A   
WDTRST . . . . . .  D ADDR   00A6H   A   
WR . . . . . . . .  B ADDR   00B0H.6 A   


REGISTER BANK(S) USED: 0 


ASSEMBLY COMPLETE.  0 WARNING(S), 0 ERROR(S)
