A51 MACRO ASSEMBLER  MAIN                                                                 12/04/2014 16:22:19 PAGE     1


MACRO ASSEMBLER A51 V8.02b
OBJECT MODULE PLACED IN main.OBJ
ASSEMBLER INVOKED BY: C:\Keil_v5\C51\BIN\A51.EXE main.a51 NOMOD51 SET(SMALL) DEBUG EP

LOC  OBJ            LINE     SOURCE

                       1     NAME MAIN
                       2                             
0000 020030            3             LJMP            START                   
                       4             
----                   5             CSEG            AT 30H  
                       6                     
0030                   7     START:
0030 E575              8                     mov a, 75h
0032 8576F0            9                     mov b, 76h
0035 F582             10                     mov dpl, a
0037 85F083           11                     mov dph, b
                      12     
003A                  13     fim:
                      14     end
                             
                             
                             
                             
A51 MACRO ASSEMBLER  MAIN                                                                 12/04/2014 16:22:19 PAGE     2

SYMBOL TABLE LISTING
------ ----- -------


N A M E             T Y P E  V A L U E   ATTRIBUTES

B. . . . . . . . .  D ADDR   00F0H   A   
DPH. . . . . . . .  D ADDR   0083H   A   
DPL. . . . . . . .  D ADDR   0082H   A   
FIM. . . . . . . .  C ADDR   003AH   A   
MAIN . . . . . . .  N NUMB   -----       
START. . . . . . .  C ADDR   0030H   A   


REGISTER BANK(S) USED: 0 


ASSEMBLY COMPLETE.  0 WARNING(S), 0 ERROR(S)
