A51 MACRO ASSEMBLER  DISPLAY                                                              12/01/2016 14:42:16 PAGE     1


MACRO ASSEMBLER A51 V8.2.5.0
OBJECT MODULE PLACED IN .\Objects\display.obj
ASSEMBLER INVOKED BY: C:\Keil_v5\C51\BIN\A51.EXE display.a51 SET(SMALL) DEBUG PRINT(.\Listings\display.lst) OBJECT(.\Obj
                      ects\display.obj) EP

LOC  OBJ            LINE     SOURCE

                       1     NAME DISPLAY

                       2             PUBLIC INICIODISPLAY

                       3             DISPLAYCODE SEGMENT CODE 

----                   4             RSEG DISPLAYCODE

0000 020067            5             JMP INICIODISPLAY

----                   6             CSEG AT 5DH

005D 0CCF5446          7     TABLE: DB 0CH,0CFH,54H,46H,87H,26H,24H,4FH,4H,6H

0061 8726244F                
0065 0406                    
                       8     

0067                   9     INICIODISPLAY:

0067 90005D           10             MOV DPTR,#TABLE

006A 93               11             MOVC A,@A+DPTR

006B F590             12             MOV P1,A

                      13     

                      14             

006D 22               15             FIM: RET

                      16     END                                     

A51 MACRO ASSEMBLER  DISPLAY                                                              12/01/2016 14:42:16 PAGE     2

SYMBOL TABLE LISTING
------ ----- -------


N A M E             T Y P E  V A L U E   ATTRIBUTES

DISPLAY. . . . . .  N NUMB   -----       
DISPLAYCODE. . . .  C SEG    0003H       REL=UNIT
FIM. . . . . . . .  C ADDR   006DH   A   
INICIODISPLAY. . .  C ADDR   0067H   A   
P1 . . . . . . . .  D ADDR   0090H   A   
TABLE. . . . . . .  C ADDR   005DH   A   


REGISTER BANK(S) USED: 0 


ASSEMBLY COMPLETE.  0 WARNING(S), 0 ERROR(S)
