A51 MACRO ASSEMBLER  MICRO                                                                01/15/2013 22:01:00 PAGE     1


MACRO ASSEMBLER A51 V8.02a
OBJECT MODULE PLACED IN micro.OBJ
ASSEMBLER INVOKED BY: C:\Keil\C51\BIN\A51.EXE micro.a51 SET(SMALL) DEBUG EP

LOC  OBJ            LINE     SOURCE

                       1     
                       2     ;#include <89C51RX2.INC>
                       3     
----                   4     CSEG at 0h
0000 8035              5     JMP MAIN
                       6     
----                   7     CSEG AT 13H
0013 802A              8     JMP ENVIAR
                       9     
----                  10     CSEG AT 30H
                      11     
0030                  12     CONFIG_EX1:
0030 D2AA             13             SETB EX1
0032 D2B3             14             SETB P3.3
0034 D28A             15             SETB IT1
0036 22               16             RET
                      17     
                      18     
                      19     
                      20     
                      21     
                      22     
                      23     
                      24     
0037                  25     MAIN:
0037 D2AF             26             SETB EA
0039 1130             27             CALL CONFIG_EX1
                      28     ;       CALL RS_232
003B 7450             29             MOV A,#50H
003D 80FE             30             JMP $
                      31     
003F                  32     ENVIAR:
003F C299             33             CLR TI
0041 F599             34             MOV SBUF,A
0043 3099FD           35             JNB TI,$
0046 32               36             RETI
                      37             
                      38     
                      39             ;MOV R0,#60H
                      40             ;MOV R3,#5
                      41     
                      42     
                      43     
                      44     
                      45     
                      46     
                      47     
                      48     
                      49     
                      50     
                      51     
                      52     
                      53     
                      54     
                      55     
                      56     
                      57     
                      58     
A51 MACRO ASSEMBLER  MICRO                                                                01/15/2013 22:01:00 PAGE     2

                      59     
                      60     
                      61     
                      62     
                      63     
                      64     
                      65     
                      66     
                      67     
                      68     
                      69     
                      70     
                      71     
                      72     
                      73     
                      74     
                      75     
                      76     
                      77     
                      78     
                      79     
                      80     
                      81     
                      82     
                      83     
                      84     
                      85     
                      86     
                      87     
                      88     
                      89     
                      90     
                      91     
                      92     
                      93     
                      94              
                      95             ;DJNZ R3,LER
                      96             ;MOV R0,#60H    
                      97             ;MOV R3,#5
                      98             ;CALL LIGA
                      99     
                     100     
                     101     
                     102     
                     103     
                     104     
                     105     
                     106     
                     107     
                     108     
                     109     
                     110     
                     111     
                     112     
                     113     
                     114     
                     115     
                     116     
                     117     
                     118     
                     119     
                     120     
                     121     
                     122     
                     123     
                     124     
A51 MACRO ASSEMBLER  MICRO                                                                01/15/2013 22:01:00 PAGE     3

                     125     
                     126     
                     127     
                     128     
                     129     
                     130     END
A51 MACRO ASSEMBLER  MICRO                                                                01/15/2013 22:01:00 PAGE     4

SYMBOL TABLE LISTING
------ ----- -------


N A M E             T Y P E  V A L U E   ATTRIBUTES

CONFIG_EX1 . . . .  C ADDR   0030H   A   
EA . . . . . . . .  B ADDR   00A8H.7 A   
ENVIAR . . . . . .  C ADDR   003FH   A   
EX1. . . . . . . .  B ADDR   00A8H.2 A   
IT1. . . . . . . .  B ADDR   0088H.2 A   
MAIN . . . . . . .  C ADDR   0037H   A   
P3 . . . . . . . .  D ADDR   00B0H   A   
SBUF . . . . . . .  D ADDR   0099H   A   
TI . . . . . . . .  B ADDR   0098H.1 A   


REGISTER BANK(S) USED: 0 


ASSEMBLY COMPLETE.  0 WARNING(S), 0 ERROR(S)
