A51 MACRO ASSEMBLER  MAIN                                                                 11/24/2015 10:26:27 PAGE     1


MACRO ASSEMBLER A51 V8.02c
OBJECT MODULE PLACED IN .\Objects\main.obj
ASSEMBLER INVOKED BY: C:\Keil_v5\C51\BIN\A51.EXE main.a51 SET(SMALL) DEBUG PRINT(.\Listings\main.lst) OBJECT(.\Objects\m
                      ain.obj) EP

LOC  OBJ            LINE     SOURCE

                       1     $nomod51 
                       2     ;#include <89c51ic2.inc>
                +1     3  +1 $save     
                +1   204  +1 $restore 
                     205     
                     206     
                     207     EXTRN CODE (INICIOWAIT)
                     208     EXTRN CODE (INICIODISPLAY)
                     209     EXTRN CODE (INICIOCHECK)
                     210     EXTRN CODE (INICIOREAD)
                     211             
0000                 212     MAIN:
0000 120000   F      213             LCALL INICIOREAD
0003 E8              214             MOV A,R0
0004 FB              215             MOV R3,A
0005 120000   F      216             LCALL INICIOREAD
0008 E8              217             MOV A,R0
0009 FA              218             MOV R2,A
000A 120000   F      219             LCALL INICIOREAD
000D E8              220             MOV A,R0
000E F9              221             MOV R1,A
000F 120000   F      222             LCALL INICIOREAD
0012 120000   F      223             LCALL INICIOCHECK
0015 E8              224             MOV A,R0
0016 7004            225             JNZ TRUE
0018                 226     FALSE:
0018 780B            227             MOV R0,#11
001A 8002            228             JMP FIM
001C                 229     TRUE:
001C 780C            230             MOV R0,#12
                     231     
001E                 232     FIM:    
001E 120000   F      233             LCALL INICIODISPLAY
0021 7464            234             MOV A,#100
0023 120000   F      235             LCALL INICIOWAIT
0026 780A            236             MOV R0,#10
0028 120000   F      237             LCALL INICIODISPLAY
002B 80D3            238             JMP MAIN
                     239     END
                                     
A51 MACRO ASSEMBLER  MAIN                                                                 11/24/2015 10:26:27 PAGE     2

SYMBOL TABLE LISTING
------ ----- -------


N A M E             T Y P E  V A L U E   ATTRIBUTES

AC . . . . . . . .  B ADDR   00D0H.6 A   
ACC. . . . . . . .  D ADDR   00E0H   A   
AUXR . . . . . . .  D ADDR   008EH   A   
AUXR1. . . . . . .  D ADDR   00A2H   A   
B. . . . . . . . .  D ADDR   00F0H   A   
BDRCON . . . . . .  D ADDR   009BH   A   
BRL. . . . . . . .  D ADDR   009AH   A   
CCAP0H . . . . . .  D ADDR   00FAH   A   
CCAP0L . . . . . .  D ADDR   00EAH   A   
CCAP1H . . . . . .  D ADDR   00FBH   A   
CCAP1L . . . . . .  D ADDR   00EBH   A   
CCAP2H . . . . . .  D ADDR   00FCH   A   
CCAP2L . . . . . .  D ADDR   00ECH   A   
CCAP3H . . . . . .  D ADDR   00FDH   A   
CCAP3L . . . . . .  D ADDR   00EDH   A   
CCAP4H . . . . . .  D ADDR   00FEH   A   
CCAP4L . . . . . .  D ADDR   00EEH   A   
CCAPM0 . . . . . .  D ADDR   00DAH   A   
CCAPM1 . . . . . .  D ADDR   00DBH   A   
CCAPM2 . . . . . .  D ADDR   00DCH   A   
CCAPM3 . . . . . .  D ADDR   00DDH   A   
CCAPM4 . . . . . .  D ADDR   00DEH   A   
CCF0 . . . . . . .  D ADDR   00D8H   A   
CCF1 . . . . . . .  D ADDR   00D9H   A   
CCF2 . . . . . . .  D ADDR   00DAH   A   
CCF3 . . . . . . .  D ADDR   00DBH   A   
CCF4 . . . . . . .  D ADDR   00DCH   A   
CCON . . . . . . .  D ADDR   00D8H   A   
CF . . . . . . . .  D ADDR   00DFH   A   
CH . . . . . . . .  D ADDR   00F9H   A   
CKCON0 . . . . . .  D ADDR   008FH   A   
CKCON1 . . . . . .  D ADDR   00AFH   A   
CKRL . . . . . . .  D ADDR   0096H   A   
CKSEL. . . . . . .  D ADDR   0085H   A   
CL . . . . . . . .  D ADDR   00E9H   A   
CMOD . . . . . . .  D ADDR   00D9H   A   
CP_RL2 . . . . . .  B ADDR   00C8H.0 A   
CR . . . . . . . .  D ADDR   00DEH   A   
CY . . . . . . . .  B ADDR   00D0H.7 A   
C_T2 . . . . . . .  B ADDR   00C8H.1 A   
DPH. . . . . . . .  D ADDR   0083H   A   
DPL. . . . . . . .  D ADDR   0082H   A   
EA . . . . . . . .  B ADDR   00A8H.7 A   
EC . . . . . . . .  B ADDR   00A8H.6 A   
ES . . . . . . . .  B ADDR   00A8H.4 A   
ET0. . . . . . . .  B ADDR   00A8H.1 A   
ET1. . . . . . . .  B ADDR   00A8H.3 A   
ET2. . . . . . . .  B ADDR   00A8H.5 A   
EX0. . . . . . . .  B ADDR   00A8H.0 A   
EX1. . . . . . . .  B ADDR   00A8H.2 A   
EXEN2. . . . . . .  B ADDR   00C8H.3 A   
EXF2 . . . . . . .  B ADDR   00C8H.6 A   
F0 . . . . . . . .  B ADDR   00D0H.5 A   
FALSE. . . . . . .  C ADDR   0018H   A   
FCON . . . . . . .  D ADDR   00D1H   A   
FIM. . . . . . . .  C ADDR   001EH   A   
IE0. . . . . . . .  B ADDR   0088H.1 A   
IE1. . . . . . . .  B ADDR   0088H.3 A   
IEN0 . . . . . . .  D ADDR   00A8H   A   
IEN1 . . . . . . .  D ADDR   00B1H   A   
A51 MACRO ASSEMBLER  MAIN                                                                 11/24/2015 10:26:27 PAGE     3

INICIOCHECK. . . .  C ADDR   -----       EXT
INICIODISPLAY. . .  C ADDR   -----       EXT
INICIOREAD . . . .  C ADDR   -----       EXT
INICIOWAIT . . . .  C ADDR   -----       EXT
INT0 . . . . . . .  B ADDR   00B0H.2 A   
INT1 . . . . . . .  B ADDR   00B0H.3 A   
IPH0 . . . . . . .  D ADDR   00B7H   A   
IPH1 . . . . . . .  D ADDR   00B3H   A   
IPL0 . . . . . . .  D ADDR   00B8H   A   
IPL1 . . . . . . .  D ADDR   00B2H   A   
IT0. . . . . . . .  B ADDR   0088H.0 A   
IT1. . . . . . . .  B ADDR   0088H.2 A   
KBE. . . . . . . .  D ADDR   009DH   A   
KBF. . . . . . . .  D ADDR   009EH   A   
KBLS . . . . . . .  D ADDR   009CH   A   
MAIN . . . . . . .  C ADDR   0000H   A   
OSCCON . . . . . .  D ADDR   0086H   A   
OV . . . . . . . .  B ADDR   00D0H.2 A   
P. . . . . . . . .  B ADDR   00D0H.0 A   
P0 . . . . . . . .  D ADDR   0080H   A   
P1 . . . . . . . .  D ADDR   0090H   A   
P2 . . . . . . . .  D ADDR   00A0H   A   
P3 . . . . . . . .  D ADDR   00B0H   A   
PCON . . . . . . .  D ADDR   0087H   A   
PI2. . . . . . . .  D ADDR   00C0H   A   
PI2_1. . . . . . .  B ADDR   00C0H.1 A   
PI2_O. . . . . . .  B ADDR   00C0H.0 A   
PPCL . . . . . . .  B ADDR   00B8H.6 A   
PSL. . . . . . . .  B ADDR   00B8H.4 A   
PSW. . . . . . . .  D ADDR   00D0H   A   
PT0L . . . . . . .  B ADDR   00B8H.1 A   
PT1L . . . . . . .  B ADDR   00B8H.3 A   
PT2L . . . . . . .  B ADDR   00B8H.5 A   
PX0L . . . . . . .  B ADDR   00B8H.0 A   
PX1L . . . . . . .  B ADDR   00B8H.2 A   
RB8. . . . . . . .  B ADDR   0098H.2 A   
RCAP2H . . . . . .  D ADDR   00CBH   A   
RCAP2L . . . . . .  D ADDR   00CAH   A   
RCLK . . . . . . .  B ADDR   00C8H.5 A   
RD . . . . . . . .  B ADDR   00B0H.7 A   
REN. . . . . . . .  B ADDR   0098H.4 A   
RI . . . . . . . .  B ADDR   0098H.0 A   
RS0. . . . . . . .  B ADDR   00D0H.3 A   
RS1. . . . . . . .  B ADDR   00D0H.4 A   
RXD. . . . . . . .  B ADDR   00B0H.0 A   
SADDR. . . . . . .  D ADDR   00A9H   A   
SADEN. . . . . . .  D ADDR   00B9H   A   
SBUF . . . . . . .  D ADDR   0099H   A   
SCON . . . . . . .  D ADDR   0098H   A   
SM0. . . . . . . .  B ADDR   0098H.7 A   
SM1. . . . . . . .  B ADDR   0098H.6 A   
SM2. . . . . . . .  B ADDR   0098H.5 A   
SP . . . . . . . .  D ADDR   0081H   A   
SPCON. . . . . . .  D ADDR   00C3H   A   
SPDAT. . . . . . .  D ADDR   00C5H   A   
SPSTA. . . . . . .  D ADDR   00C4H   A   
SSADR. . . . . . .  D ADDR   0096H   A   
SSCON. . . . . . .  D ADDR   0093H   A   
SSCS . . . . . . .  D ADDR   0094H   A   
SSDAT. . . . . . .  D ADDR   0095H   A   
T0 . . . . . . . .  B ADDR   00B0H.4 A   
T1 . . . . . . . .  B ADDR   00B0H.5 A   
T2CON. . . . . . .  D ADDR   00C8H   A   
T2MOD. . . . . . .  D ADDR   00C9H   A   
TB8. . . . . . . .  B ADDR   0098H.3 A   
TCLK . . . . . . .  B ADDR   00C8H.4 A   
A51 MACRO ASSEMBLER  MAIN                                                                 11/24/2015 10:26:27 PAGE     4

TCON . . . . . . .  D ADDR   0088H   A   
TF0. . . . . . . .  B ADDR   0088H.5 A   
TF1. . . . . . . .  B ADDR   0088H.7 A   
TF2. . . . . . . .  B ADDR   00C8H.7 A   
TH0. . . . . . . .  D ADDR   008CH   A   
TH1. . . . . . . .  D ADDR   008DH   A   
TH2. . . . . . . .  D ADDR   00CDH   A   
TI . . . . . . . .  B ADDR   0098H.1 A   
TL0. . . . . . . .  D ADDR   008AH   A   
TL1. . . . . . . .  D ADDR   008BH   A   
TL2. . . . . . . .  D ADDR   00CCH   A   
TMOD . . . . . . .  D ADDR   0089H   A   
TR0. . . . . . . .  B ADDR   0088H.4 A   
TR1. . . . . . . .  B ADDR   0088H.6 A   
TR2. . . . . . . .  B ADDR   00C8H.2 A   
TRUE . . . . . . .  C ADDR   001CH   A   
TXD. . . . . . . .  B ADDR   00B0H.1 A   
WDTPRG . . . . . .  D ADDR   00A7H   A   
WDTRST . . . . . .  D ADDR   00A6H   A   
WR . . . . . . . .  B ADDR   00B0H.6 A   


REGISTER BANK(S) USED: 0 


ASSEMBLY COMPLETE.  0 WARNING(S), 0 ERROR(S)
