A51 MACRO ASSEMBLER  DISPLAY                                                              12/02/2015 20:56:25 PAGE     1


MACRO ASSEMBLER A51 V8.02c
OBJECT MODULE PLACED IN .\Objects\Display.obj
ASSEMBLER INVOKED BY: C:\Keil_v5\C51\BIN\A51.EXE Display.a51 SET(SMALL) DEBUG PRINT(.\Listings\Display.lst) OBJECT(.\Obj
                      ects\Display.obj) EP

LOC  OBJ            LINE     SOURCE

                       1             NAME DISPLAY
                       2             PUBLIC INICIODISPLAY
                       3             DISPLAYCODE SEGMENT CODE 
----                   4             RSEG DISPLAYCODE
0000 02006A            5             JMP INICIODISPLAY
                       6             
----                   7             CSEG AT 5DH
005D 0CCF5446          8     TABLE: DB 0CH,0CFH,54H,46H,87H,26H,24H,4FH,4H,6H,0FFH,0DH,86H
0061 8726244F                
0065 0406FF0D                
0069 86                      
                       9     
006A                  10     INICIODISPLAY:
006A 90005D           11             MOV DPTR,#TABLE
006D E8               12             MOV A,R0
006E 93               13             MOVC A,@A+DPTR
006F F590             14             MOV P1,A
                      15     
                      16             
0071 22               17             FIM: RET
                      18     END                                     
A51 MACRO ASSEMBLER  DISPLAY                                                              12/02/2015 20:56:25 PAGE     2

SYMBOL TABLE LISTING
------ ----- -------


N A M E             T Y P E  V A L U E   ATTRIBUTES

DISPLAY. . . . . .  N NUMB   -----       
DISPLAYCODE. . . .  C SEG    0003H       REL=UNIT
FIM. . . . . . . .  C ADDR   0071H   A   
INICIODISPLAY. . .  C ADDR   006AH   A   
P1 . . . . . . . .  D ADDR   0090H   A   
TABLE. . . . . . .  C ADDR   005DH   A   


REGISTER BANK(S) USED: 0 


ASSEMBLY COMPLETE.  0 WARNING(S), 0 ERROR(S)
